This file contains any messages produced by compilers while
running configure, to aid debugging if configure makes a mistake.

It was created by configure, which was
generated by GNU Autoconf 2.59b.  Invocation command line was

  $ ../groff/configure --prefix=/usr --without-x LD=/Users/ariel/private-bin/ld CC=/Users/ariel/private-bin/clang CXX=/Users/ariel/private-bin/clang++ CPPFLAGS=-arch x86_64 -arch i386 -isystem/Users/ariel/git/darling/Developer/Platforms/MacOSX.platform/Developer/SDKs/MacOSX.sdk/usr/include -isystem/Users/ariel/arch/build/darling/Developer/Platforms/MacOSX.platform/Developer/SDKs/MacOSX.sdk/usr/include -isystem/Users/ariel/git/darling/framework-include -DDARLING CFLAGS=-mdynamic-no-pic

## --------- ##
## Platform. ##
## --------- ##

hostname = ARI-PAVILION.cfl.rr.com
uname -m = x86_64
uname -r = 19.6.0
uname -s = Darwin
uname -v = Darwin Kernel Version 19.6.0: Sun Jul  5 00:43:10 PDT 2020; root:xnu-6153.141.1~9/RELEASE_X86_64

/usr/bin/uname -p = i386
/bin/uname -X     = unknown

/bin/arch              = unknown
/usr/bin/arch -k       = unknown
/usr/convex/getsysinfo = unknown
hostinfo               = Mach kernel version:
	 Darwin Kernel Version 19.6.0: Sun Jul  5 00:43:10 PDT 2020; root:xnu-6153.141.1~9/RELEASE_X86_64
Kernel configured for up to 12 processors.
6 processors are physically available.
12 processors are logically available.
Processor type: x86_64h (Intel x86-64h Haswell)
Processors active: 0 1 2 3 4 5 6 7 8 9 10 11
Primary memory available: 12.00 gigabytes
Default processor set: 312 tasks, 1554 threads, 12 processors
Load average: 2.32, Mach factor: 9.67
/bin/machine           = unknown
/usr/bin/oslevel       = unknown
/bin/universe          = unknown

PATH: /Users/ariel/.cargo/bin
PATH: /Users/ariel/.nvm/versions/node/v14.6.0/bin
PATH: /Users/ariel/.cargo/bin
PATH: /Users/ariel/bin
PATH: /Users/ariel/private-bin
PATH: /usr/local/bin
PATH: /usr/bin
PATH: /bin
PATH: /usr/sbin
PATH: /sbin
PATH: /Library/TeX/texbin
PATH: /Library/Apple/usr/bin
PATH: /Users/ariel/Library/Python/3.8/bin


## ----------- ##
## Core tests. ##
## ----------- ##

configure:1601: checking for gcc
configure:1627: result: /Users/ariel/private-bin/clang
configure:1907: checking for C compiler version
configure:1910: /Users/ariel/private-bin/clang --version </dev/null >&5
Apple clang version 11.0.3 (clang-1103.0.32.62)
Target: x86_64-apple-darwin19.6.0
Thread model: posix
InstalledDir: /Applications/Xcode.app/Contents/Developer/Toolchains/XcodeDefault.xctoolchain/usr/bin
configure:1913: $? = 0
configure:1915: /Users/ariel/private-bin/clang -v </dev/null >&5
Apple clang version 11.0.3 (clang-1103.0.32.62)
Target: x86_64-apple-darwin19.6.0
Thread model: posix
InstalledDir: /Applications/Xcode.app/Contents/Developer/Toolchains/XcodeDefault.xctoolchain/usr/bin
configure:1918: $? = 0
configure:1920: /Users/ariel/private-bin/clang -V </dev/null >&5
clang: error: unsupported option '-V -Wno-objc-signed-char-bool-implicit-int-conversion'
clang: error: no input files
configure:1923: $? = 1
configure:1946: checking for C compiler default output file name
configure:1968: /Users/ariel/private-bin/clang -mdynamic-no-pic -arch x86_64 -arch i386 -isystem/Users/ariel/git/darling/Developer/Platforms/MacOSX.platform/Developer/SDKs/MacOSX.sdk/usr/include -isystem/Users/ariel/arch/build/darling/Developer/Platforms/MacOSX.platform/Developer/SDKs/MacOSX.sdk/usr/include -isystem/Users/ariel/git/darling/framework-include -DDARLING  conftest.c  >&5
configure:1971: $? = 0
configure:2009: result: a.out
configure:2014: checking whether the C compiler works
configure:2020: ./a.out
configure:2023: $? = 0
configure:2040: result: yes
configure:2047: checking whether we are cross compiling
configure:2049: result: no
configure:2052: checking for suffix of executables
configure:2054: /Users/ariel/private-bin/clang -o conftest -mdynamic-no-pic -arch x86_64 -arch i386 -isystem/Users/ariel/git/darling/Developer/Platforms/MacOSX.platform/Developer/SDKs/MacOSX.sdk/usr/include -isystem/Users/ariel/arch/build/darling/Developer/Platforms/MacOSX.platform/Developer/SDKs/MacOSX.sdk/usr/include -isystem/Users/ariel/git/darling/framework-include -DDARLING  conftest.c  >&5
configure:2057: $? = 0
configure:2082: result: 
configure:2088: checking for suffix of object files
configure:2109: /Users/ariel/private-bin/clang -c -mdynamic-no-pic -arch x86_64 -arch i386 -isystem/Users/ariel/git/darling/Developer/Platforms/MacOSX.platform/Developer/SDKs/MacOSX.sdk/usr/include -isystem/Users/ariel/arch/build/darling/Developer/Platforms/MacOSX.platform/Developer/SDKs/MacOSX.sdk/usr/include -isystem/Users/ariel/git/darling/framework-include -DDARLING conftest.c >&5
configure:2112: $? = 0
configure:2134: result: o
configure:2138: checking whether we are using the GNU C compiler
configure:2162: /Users/ariel/private-bin/clang -c -mdynamic-no-pic -arch x86_64 -arch i386 -isystem/Users/ariel/git/darling/Developer/Platforms/MacOSX.platform/Developer/SDKs/MacOSX.sdk/usr/include -isystem/Users/ariel/arch/build/darling/Developer/Platforms/MacOSX.platform/Developer/SDKs/MacOSX.sdk/usr/include -isystem/Users/ariel/git/darling/framework-include -DDARLING conftest.c >&5
configure:2168: $? = 0
configure:2172: test -z 
			 || test ! -s conftest.err
configure:2175: $? = 0
configure:2178: test -s conftest.o
configure:2181: $? = 0
configure:2194: result: yes
configure:2199: checking whether /Users/ariel/private-bin/clang accepts -g
configure:2224: /Users/ariel/private-bin/clang -c -g -arch x86_64 -arch i386 -isystem/Users/ariel/git/darling/Developer/Platforms/MacOSX.platform/Developer/SDKs/MacOSX.sdk/usr/include -isystem/Users/ariel/arch/build/darling/Developer/Platforms/MacOSX.platform/Developer/SDKs/MacOSX.sdk/usr/include -isystem/Users/ariel/git/darling/framework-include -DDARLING conftest.c >&5
configure:2230: $? = 0
configure:2234: test -z yes
			 || test ! -s conftest.err
configure:2237: $? = 0
configure:2240: test -s conftest.o
configure:2243: $? = 0
configure:2345: result: yes
configure:2362: checking for /Users/ariel/private-bin/clang option to accept ANSI C
configure:2432: /Users/ariel/private-bin/clang  -c -mdynamic-no-pic -arch x86_64 -arch i386 -isystem/Users/ariel/git/darling/Developer/Platforms/MacOSX.platform/Developer/SDKs/MacOSX.sdk/usr/include -isystem/Users/ariel/arch/build/darling/Developer/Platforms/MacOSX.platform/Developer/SDKs/MacOSX.sdk/usr/include -isystem/Users/ariel/git/darling/framework-include -DDARLING conftest.c >&5
configure:2438: $? = 0
configure:2442: test -z 
			 || test ! -s conftest.err
configure:2445: $? = 0
configure:2448: test -s conftest.o
configure:2451: $? = 0
configure:2469: result: none needed
configure:2487: /Users/ariel/private-bin/clang -c -mdynamic-no-pic -arch x86_64 -arch i386 -isystem/Users/ariel/git/darling/Developer/Platforms/MacOSX.platform/Developer/SDKs/MacOSX.sdk/usr/include -isystem/Users/ariel/arch/build/darling/Developer/Platforms/MacOSX.platform/Developer/SDKs/MacOSX.sdk/usr/include -isystem/Users/ariel/git/darling/framework-include -DDARLING conftest.c >&5
conftest.c:2:3: error: unknown type name 'choke'
  choke me
  ^
conftest.c:2:11: error: expected ';' after top level declarator
  choke me
          ^
          ;
2 errors generated.
configure:2493: $? = 1
configure: failed program was:
| #ifndef __cplusplus
|   choke me
| #endif
configure:2731: checking for C++ compiler version
configure:2734: /Users/ariel/private-bin/clang++ --version </dev/null >&5
Apple clang version 11.0.3 (clang-1103.0.32.62)
Target: x86_64-apple-darwin19.6.0
Thread model: posix
InstalledDir: /Applications/Xcode.app/Contents/Developer/Toolchains/XcodeDefault.xctoolchain/usr/bin
configure:2737: $? = 0
configure:2739: /Users/ariel/private-bin/clang++ -v </dev/null >&5
Apple clang version 11.0.3 (clang-1103.0.32.62)
Target: x86_64-apple-darwin19.6.0
Thread model: posix
InstalledDir: /Applications/Xcode.app/Contents/Developer/Toolchains/XcodeDefault.xctoolchain/usr/bin
configure:2742: $? = 0
configure:2744: /Users/ariel/private-bin/clang++ -V </dev/null >&5
clang: error: unsupported option '-V -Wno-objc-signed-char-bool-implicit-int-conversion'
clang: error: no input files
configure:2747: $? = 1
configure:2750: checking whether we are using the GNU C++ compiler
configure:2774: /Users/ariel/private-bin/clang++ -c  -arch x86_64 -arch i386 -isystem/Users/ariel/git/darling/Developer/Platforms/MacOSX.platform/Developer/SDKs/MacOSX.sdk/usr/include -isystem/Users/ariel/arch/build/darling/Developer/Platforms/MacOSX.platform/Developer/SDKs/MacOSX.sdk/usr/include -isystem/Users/ariel/git/darling/framework-include -DDARLING conftest.cc >&5
configure:2780: $? = 0
configure:2784: test -z 
			 || test ! -s conftest.err
configure:2787: $? = 0
configure:2790: test -s conftest.o
configure:2793: $? = 0
configure:2806: result: yes
configure:2811: checking whether /Users/ariel/private-bin/clang++ accepts -g
configure:2836: /Users/ariel/private-bin/clang++ -c -g -arch x86_64 -arch i386 -isystem/Users/ariel/git/darling/Developer/Platforms/MacOSX.platform/Developer/SDKs/MacOSX.sdk/usr/include -isystem/Users/ariel/arch/build/darling/Developer/Platforms/MacOSX.platform/Developer/SDKs/MacOSX.sdk/usr/include -isystem/Users/ariel/git/darling/framework-include -DDARLING conftest.cc >&5
configure:2842: $? = 0
configure:2846: test -z yes
			 || test ! -s conftest.err
configure:2849: $? = 0
configure:2852: test -s conftest.o
configure:2855: $? = 0
configure:2957: result: yes
configure:2999: /Users/ariel/private-bin/clang++ -c -g -O2 -arch x86_64 -arch i386 -isystem/Users/ariel/git/darling/Developer/Platforms/MacOSX.platform/Developer/SDKs/MacOSX.sdk/usr/include -isystem/Users/ariel/arch/build/darling/Developer/Platforms/MacOSX.platform/Developer/SDKs/MacOSX.sdk/usr/include -isystem/Users/ariel/git/darling/framework-include -DDARLING conftest.cc >&5
configure:3005: $? = 0
configure:3009: test -z 
			 || test ! -s conftest.err
configure:3012: $? = 0
configure:3015: test -s conftest.o
configure:3018: $? = 0
configure:3044: /Users/ariel/private-bin/clang++ -c -g -O2 -arch x86_64 -arch i386 -isystem/Users/ariel/git/darling/Developer/Platforms/MacOSX.platform/Developer/SDKs/MacOSX.sdk/usr/include -isystem/Users/ariel/arch/build/darling/Developer/Platforms/MacOSX.platform/Developer/SDKs/MacOSX.sdk/usr/include -isystem/Users/ariel/git/darling/framework-include -DDARLING conftest.cc >&5
conftest.cc:13:1: error: use of undeclared identifier 'exit'
exit (42);
^
1 error generated.
configure:3050: $? = 1
configure: failed program was:
| /* confdefs.h.  */
|              
| #define PACKAGE_NAME ""
| #define PACKAGE_TARNAME ""
| #define PACKAGE_VERSION ""
| #define PACKAGE_STRING ""
| #define PACKAGE_BUGREPORT ""
| /* end confdefs.h.  */
| 
| int
| main ()
| {
| exit (42);
|   ;
|   return 0;
| }
configure:2999: /Users/ariel/private-bin/clang++ -c -g -O2 -arch x86_64 -arch i386 -isystem/Users/ariel/git/darling/Developer/Platforms/MacOSX.platform/Developer/SDKs/MacOSX.sdk/usr/include -isystem/Users/ariel/arch/build/darling/Developer/Platforms/MacOSX.platform/Developer/SDKs/MacOSX.sdk/usr/include -isystem/Users/ariel/git/darling/framework-include -DDARLING conftest.cc >&5
conftest.cc:9:17: error: use of undeclared identifier 'std'
extern "C" void std::exit (int) throw (); using std::exit;
                ^
conftest.cc:9:49: error: use of undeclared identifier 'std'
extern "C" void std::exit (int) throw (); using std::exit;
                                                ^
2 errors generated.
configure:3005: $? = 1
configure: failed program was:
| /* confdefs.h.  */
|              
| #define PACKAGE_NAME ""
| #define PACKAGE_TARNAME ""
| #define PACKAGE_VERSION ""
| #define PACKAGE_STRING ""
| #define PACKAGE_BUGREPORT ""
| /* end confdefs.h.  */
| extern "C" void std::exit (int) throw (); using std::exit;
| #include <stdlib.h>
| int
| main ()
| {
| exit (42);
|   ;
|   return 0;
| }
configure:2999: /Users/ariel/private-bin/clang++ -c -g -O2 -arch x86_64 -arch i386 -isystem/Users/ariel/git/darling/Developer/Platforms/MacOSX.platform/Developer/SDKs/MacOSX.sdk/usr/include -isystem/Users/ariel/arch/build/darling/Developer/Platforms/MacOSX.platform/Developer/SDKs/MacOSX.sdk/usr/include -isystem/Users/ariel/git/darling/framework-include -DDARLING conftest.cc >&5
conftest.cc:9:17: error: use of undeclared identifier 'std'
extern "C" void std::exit (int); using std::exit;
                ^
conftest.cc:9:40: error: use of undeclared identifier 'std'
extern "C" void std::exit (int); using std::exit;
                                       ^
2 errors generated.
configure:3005: $? = 1
configure: failed program was:
| /* confdefs.h.  */
|              
| #define PACKAGE_NAME ""
| #define PACKAGE_TARNAME ""
| #define PACKAGE_VERSION ""
| #define PACKAGE_STRING ""
| #define PACKAGE_BUGREPORT ""
| /* end confdefs.h.  */
| extern "C" void std::exit (int); using std::exit;
| #include <stdlib.h>
| int
| main ()
| {
| exit (42);
|   ;
|   return 0;
| }
configure:2999: /Users/ariel/private-bin/clang++ -c -g -O2 -arch x86_64 -arch i386 -isystem/Users/ariel/git/darling/Developer/Platforms/MacOSX.platform/Developer/SDKs/MacOSX.sdk/usr/include -isystem/Users/ariel/arch/build/darling/Developer/Platforms/MacOSX.platform/Developer/SDKs/MacOSX.sdk/usr/include -isystem/Users/ariel/git/darling/framework-include -DDARLING conftest.cc >&5
In file included from conftest.cc:10:
/Users/ariel/git/darling/Developer/Platforms/MacOSX.platform/Developer/SDKs/MacOSX.sdk/usr/include/stdlib.h:156:7: error: 'exit' is missing exception specification 'throw()'
void     exit(int) __dead2;
         ^
conftest.cc:9:17: note: previous declaration is here
extern "C" void exit (int) throw ();
                ^
1 error generated.
configure:3005: $? = 1
configure: failed program was:
| /* confdefs.h.  */
|              
| #define PACKAGE_NAME ""
| #define PACKAGE_TARNAME ""
| #define PACKAGE_VERSION ""
| #define PACKAGE_STRING ""
| #define PACKAGE_BUGREPORT ""
| /* end confdefs.h.  */
| extern "C" void exit (int) throw ();
| #include <stdlib.h>
| int
| main ()
| {
| exit (42);
|   ;
|   return 0;
| }
configure:2999: /Users/ariel/private-bin/clang++ -c -g -O2 -arch x86_64 -arch i386 -isystem/Users/ariel/git/darling/Developer/Platforms/MacOSX.platform/Developer/SDKs/MacOSX.sdk/usr/include -isystem/Users/ariel/arch/build/darling/Developer/Platforms/MacOSX.platform/Developer/SDKs/MacOSX.sdk/usr/include -isystem/Users/ariel/git/darling/framework-include -DDARLING conftest.cc >&5
configure:3005: $? = 0
configure:3009: test -z 
			 || test ! -s conftest.err
configure:3012: $? = 0
configure:3015: test -s conftest.o
configure:3018: $? = 0
configure:3044: /Users/ariel/private-bin/clang++ -c -g -O2 -arch x86_64 -arch i386 -isystem/Users/ariel/git/darling/Developer/Platforms/MacOSX.platform/Developer/SDKs/MacOSX.sdk/usr/include -isystem/Users/ariel/arch/build/darling/Developer/Platforms/MacOSX.platform/Developer/SDKs/MacOSX.sdk/usr/include -isystem/Users/ariel/git/darling/framework-include -DDARLING conftest.cc >&5
configure:3050: $? = 0
configure:3054: test -z 
			 || test ! -s conftest.err
configure:3057: $? = 0
configure:3060: test -s conftest.o
configure:3063: $? = 0
configure:3095: checking that C++ compiler can compile simple program
configure:3118: /Users/ariel/private-bin/clang++ -o conftest -g -O2 -arch x86_64 -arch i386 -isystem/Users/ariel/git/darling/Developer/Platforms/MacOSX.platform/Developer/SDKs/MacOSX.sdk/usr/include -isystem/Users/ariel/arch/build/darling/Developer/Platforms/MacOSX.platform/Developer/SDKs/MacOSX.sdk/usr/include -isystem/Users/ariel/git/darling/framework-include -DDARLING  conftest.cc  >&5
configure:3121: $? = 0
configure:3123: ./conftest
configure:3126: $? = 0
configure:3128: result: yes
configure:3146: checking that C++ static constructors and destructors are called
configure:3183: /Users/ariel/private-bin/clang++ -o conftest -g -O2 -arch x86_64 -arch i386 -isystem/Users/ariel/git/darling/Developer/Platforms/MacOSX.platform/Developer/SDKs/MacOSX.sdk/usr/include -isystem/Users/ariel/arch/build/darling/Developer/Platforms/MacOSX.platform/Developer/SDKs/MacOSX.sdk/usr/include -isystem/Users/ariel/git/darling/framework-include -DDARLING  conftest.cc  >&5
configure:3186: $? = 0
configure:3188: ./conftest
configure:3191: $? = 0
configure:3193: result: yes
configure:3210: checking that header files support C++
configure:3238: /Users/ariel/private-bin/clang++ -o conftest -g -O2 -arch x86_64 -arch i386 -isystem/Users/ariel/git/darling/Developer/Platforms/MacOSX.platform/Developer/SDKs/MacOSX.sdk/usr/include -isystem/Users/ariel/arch/build/darling/Developer/Platforms/MacOSX.platform/Developer/SDKs/MacOSX.sdk/usr/include -isystem/Users/ariel/git/darling/framework-include -DDARLING  conftest.cc  >&5
configure:3244: $? = 0
configure:3248: test -z 
			 || test ! -s conftest.err
configure:3251: $? = 0
configure:3254: test -s conftest
configure:3257: $? = 0
configure:3259: result: yes
configure:3284: checking whether character set is EBCDIC
configure:3313: /Users/ariel/private-bin/clang -c -mdynamic-no-pic -arch x86_64 -arch i386 -isystem/Users/ariel/git/darling/Developer/Platforms/MacOSX.platform/Developer/SDKs/MacOSX.sdk/usr/include -isystem/Users/ariel/arch/build/darling/Developer/Platforms/MacOSX.platform/Developer/SDKs/MacOSX.sdk/usr/include -isystem/Users/ariel/git/darling/framework-include -DDARLING conftest.c >&5
conftest.c:19:1: error: unknown type name 'make'
make an error "Character set is not EBCDIC"
^
conftest.c:19:8: error: expected ';' after top level declarator
make an error "Character set is not EBCDIC"
       ^
       ;
2 errors generated.
configure:3319: $? = 1
configure: failed program was:
| 
|        /* confdefs.h.  */
|              
| #define PACKAGE_NAME ""
| #define PACKAGE_TARNAME ""
| #define PACKAGE_VERSION ""
| #define PACKAGE_STRING ""
| #define PACKAGE_BUGREPORT ""
| #ifdef __cplusplus
| extern "C" void exit (int);
| #endif
| /* end confdefs.h.  */
| 
| 
| /* Treat any failure as ASCII for compatibility with existing art.
|    Use compile-time rather than run-time tests for cross-compiler
|    tolerance. */
| #if '0' != 240
| make an error "Character set is not EBCDIC"
| #endif
| 
| 
| int
| main ()
| {
| 
|   ;
|   return 0;
| }
| 
configure:3350: result: no
configure:3374: checking how to run the C preprocessor
configure:3409: /Users/ariel/private-bin/clang -E -arch x86_64 -arch i386 -isystem/Users/ariel/git/darling/Developer/Platforms/MacOSX.platform/Developer/SDKs/MacOSX.sdk/usr/include -isystem/Users/ariel/arch/build/darling/Developer/Platforms/MacOSX.platform/Developer/SDKs/MacOSX.sdk/usr/include -isystem/Users/ariel/git/darling/framework-include -DDARLING conftest.c
configure:3415: $? = 0
configure:3447: /Users/ariel/private-bin/clang -E -arch x86_64 -arch i386 -isystem/Users/ariel/git/darling/Developer/Platforms/MacOSX.platform/Developer/SDKs/MacOSX.sdk/usr/include -isystem/Users/ariel/arch/build/darling/Developer/Platforms/MacOSX.platform/Developer/SDKs/MacOSX.sdk/usr/include -isystem/Users/ariel/git/darling/framework-include -DDARLING conftest.c
conftest.c:12:10: fatal error: 'ac_nonexistent.h' file not found
#include <ac_nonexistent.h>
         ^~~~~~~~~~~~~~~~~~
1 error generated.
configure:3453: $? = 1
configure: failed program was:
| /* confdefs.h.  */
|              
| #define PACKAGE_NAME ""
| #define PACKAGE_TARNAME ""
| #define PACKAGE_VERSION ""
| #define PACKAGE_STRING ""
| #define PACKAGE_BUGREPORT ""
| #ifdef __cplusplus
| extern "C" void exit (int);
| #endif
| /* end confdefs.h.  */
| #include <ac_nonexistent.h>
configure:3492: result: /Users/ariel/private-bin/clang -E
configure:3516: /Users/ariel/private-bin/clang -E -arch x86_64 -arch i386 -isystem/Users/ariel/git/darling/Developer/Platforms/MacOSX.platform/Developer/SDKs/MacOSX.sdk/usr/include -isystem/Users/ariel/arch/build/darling/Developer/Platforms/MacOSX.platform/Developer/SDKs/MacOSX.sdk/usr/include -isystem/Users/ariel/git/darling/framework-include -DDARLING conftest.c
configure:3522: $? = 0
configure:3554: /Users/ariel/private-bin/clang -E -arch x86_64 -arch i386 -isystem/Users/ariel/git/darling/Developer/Platforms/MacOSX.platform/Developer/SDKs/MacOSX.sdk/usr/include -isystem/Users/ariel/arch/build/darling/Developer/Platforms/MacOSX.platform/Developer/SDKs/MacOSX.sdk/usr/include -isystem/Users/ariel/git/darling/framework-include -DDARLING conftest.c
conftest.c:12:10: fatal error: 'ac_nonexistent.h' file not found
#include <ac_nonexistent.h>
         ^~~~~~~~~~~~~~~~~~
1 error generated.
configure:3560: $? = 1
configure: failed program was:
| /* confdefs.h.  */
|              
| #define PACKAGE_NAME ""
| #define PACKAGE_TARNAME ""
| #define PACKAGE_VERSION ""
| #define PACKAGE_STRING ""
| #define PACKAGE_BUGREPORT ""
| #ifdef __cplusplus
| extern "C" void exit (int);
| #endif
| /* end confdefs.h.  */
| #include <ac_nonexistent.h>
configure:3604: checking for X
configure:3824: result: disabled
configure:5128: gxditview and xtotroff won't be built
configure:5239: checking for lpr
configure:5255: found /usr/bin/lpr
configure:5265: result: lpr
configure:5279: checking for lp
configure:5295: found /usr/bin/lp
configure:5305: result: lp
configure:5323: checking for lpq
configure:5339: found /usr/bin/lpq
configure:5349: result: lpq
configure:5368: checking for command to use for printing PostScript files
configure:5370: result: lpr
configure:5374: checking for command to use for printing dvi files
configure:5384: result: lpr -d
configure:5388: checking for perl
configure:5406: found /usr/bin/perl
configure:5419: result: /usr/bin/perl
configure:5430: checking for byacc
configure:5459: result: no
configure:5430: checking for bison
configure:5446: found /usr/bin/bison
configure:5456: result: bison -y
configure:5508: checking for ranlib
configure:5524: found /usr/bin/ranlib
configure:5534: result: ranlib
configure:5590: checking for install-info
configure:5606: found /usr/bin/install-info
configure:5616: result: install-info
configure:5640: checking for a BSD-compatible install
configure:5695: result: /usr/bin/install -c
configure:5706: checking whether ln -s works
configure:5710: result: yes
configure:5720: checking for csh hash hack
configure:5736: result: no
configure:5744: checking for grep that handles long lines and -e
configure:5838: result: /usr/local/bin/ggrep
configure:5843: checking for egrep
configure:5941: result: /usr/local/bin/ggrep -E
configure:5946: checking for ANSI C header files
configure:5971: /Users/ariel/private-bin/clang -c -mdynamic-no-pic -arch x86_64 -arch i386 -isystem/Users/ariel/git/darling/Developer/Platforms/MacOSX.platform/Developer/SDKs/MacOSX.sdk/usr/include -isystem/Users/ariel/arch/build/darling/Developer/Platforms/MacOSX.platform/Developer/SDKs/MacOSX.sdk/usr/include -isystem/Users/ariel/git/darling/framework-include -DDARLING conftest.c >&5
configure:5977: $? = 0
configure:5981: test -z 
			 || test ! -s conftest.err
configure:5984: $? = 0
configure:5987: test -s conftest.o
configure:5990: $? = 0
configure:6080: /Users/ariel/private-bin/clang -o conftest -mdynamic-no-pic -arch x86_64 -arch i386 -isystem/Users/ariel/git/darling/Developer/Platforms/MacOSX.platform/Developer/SDKs/MacOSX.sdk/usr/include -isystem/Users/ariel/arch/build/darling/Developer/Platforms/MacOSX.platform/Developer/SDKs/MacOSX.sdk/usr/include -isystem/Users/ariel/git/darling/framework-include -DDARLING  conftest.c  >&5
configure:6083: $? = 0
configure:6085: ./conftest
configure:6088: $? = 0
configure:6103: result: yes
configure:6127: checking for sys/types.h
configure:6143: /Users/ariel/private-bin/clang -c -mdynamic-no-pic -arch x86_64 -arch i386 -isystem/Users/ariel/git/darling/Developer/Platforms/MacOSX.platform/Developer/SDKs/MacOSX.sdk/usr/include -isystem/Users/ariel/arch/build/darling/Developer/Platforms/MacOSX.platform/Developer/SDKs/MacOSX.sdk/usr/include -isystem/Users/ariel/git/darling/framework-include -DDARLING conftest.c >&5
configure:6149: $? = 0
configure:6153: test -z 
			 || test ! -s conftest.err
configure:6156: $? = 0
configure:6159: test -s conftest.o
configure:6162: $? = 0
configure:6173: result: yes
configure:6127: checking for sys/stat.h
configure:6143: /Users/ariel/private-bin/clang -c -mdynamic-no-pic -arch x86_64 -arch i386 -isystem/Users/ariel/git/darling/Developer/Platforms/MacOSX.platform/Developer/SDKs/MacOSX.sdk/usr/include -isystem/Users/ariel/arch/build/darling/Developer/Platforms/MacOSX.platform/Developer/SDKs/MacOSX.sdk/usr/include -isystem/Users/ariel/git/darling/framework-include -DDARLING conftest.c >&5
configure:6149: $? = 0
configure:6153: test -z 
			 || test ! -s conftest.err
configure:6156: $? = 0
configure:6159: test -s conftest.o
configure:6162: $? = 0
configure:6173: result: yes
configure:6127: checking for stdlib.h
configure:6143: /Users/ariel/private-bin/clang -c -mdynamic-no-pic -arch x86_64 -arch i386 -isystem/Users/ariel/git/darling/Developer/Platforms/MacOSX.platform/Developer/SDKs/MacOSX.sdk/usr/include -isystem/Users/ariel/arch/build/darling/Developer/Platforms/MacOSX.platform/Developer/SDKs/MacOSX.sdk/usr/include -isystem/Users/ariel/git/darling/framework-include -DDARLING conftest.c >&5
configure:6149: $? = 0
configure:6153: test -z 
			 || test ! -s conftest.err
configure:6156: $? = 0
configure:6159: test -s conftest.o
configure:6162: $? = 0
configure:6173: result: yes
configure:6127: checking for string.h
configure:6143: /Users/ariel/private-bin/clang -c -mdynamic-no-pic -arch x86_64 -arch i386 -isystem/Users/ariel/git/darling/Developer/Platforms/MacOSX.platform/Developer/SDKs/MacOSX.sdk/usr/include -isystem/Users/ariel/arch/build/darling/Developer/Platforms/MacOSX.platform/Developer/SDKs/MacOSX.sdk/usr/include -isystem/Users/ariel/git/darling/framework-include -DDARLING conftest.c >&5
configure:6149: $? = 0
configure:6153: test -z 
			 || test ! -s conftest.err
configure:6156: $? = 0
configure:6159: test -s conftest.o
configure:6162: $? = 0
configure:6173: result: yes
configure:6127: checking for memory.h
configure:6143: /Users/ariel/private-bin/clang -c -mdynamic-no-pic -arch x86_64 -arch i386 -isystem/Users/ariel/git/darling/Developer/Platforms/MacOSX.platform/Developer/SDKs/MacOSX.sdk/usr/include -isystem/Users/ariel/arch/build/darling/Developer/Platforms/MacOSX.platform/Developer/SDKs/MacOSX.sdk/usr/include -isystem/Users/ariel/git/darling/framework-include -DDARLING conftest.c >&5
configure:6149: $? = 0
configure:6153: test -z 
			 || test ! -s conftest.err
configure:6156: $? = 0
configure:6159: test -s conftest.o
configure:6162: $? = 0
configure:6173: result: yes
configure:6127: checking for strings.h
configure:6143: /Users/ariel/private-bin/clang -c -mdynamic-no-pic -arch x86_64 -arch i386 -isystem/Users/ariel/git/darling/Developer/Platforms/MacOSX.platform/Developer/SDKs/MacOSX.sdk/usr/include -isystem/Users/ariel/arch/build/darling/Developer/Platforms/MacOSX.platform/Developer/SDKs/MacOSX.sdk/usr/include -isystem/Users/ariel/git/darling/framework-include -DDARLING conftest.c >&5
configure:6149: $? = 0
configure:6153: test -z 
			 || test ! -s conftest.err
configure:6156: $? = 0
configure:6159: test -s conftest.o
configure:6162: $? = 0
configure:6173: result: yes
configure:6127: checking for inttypes.h
configure:6143: /Users/ariel/private-bin/clang -c -mdynamic-no-pic -arch x86_64 -arch i386 -isystem/Users/ariel/git/darling/Developer/Platforms/MacOSX.platform/Developer/SDKs/MacOSX.sdk/usr/include -isystem/Users/ariel/arch/build/darling/Developer/Platforms/MacOSX.platform/Developer/SDKs/MacOSX.sdk/usr/include -isystem/Users/ariel/git/darling/framework-include -DDARLING conftest.c >&5
configure:6149: $? = 0
configure:6153: test -z 
			 || test ! -s conftest.err
configure:6156: $? = 0
configure:6159: test -s conftest.o
configure:6162: $? = 0
configure:6173: result: yes
configure:6127: checking for stdint.h
configure:6143: /Users/ariel/private-bin/clang -c -mdynamic-no-pic -arch x86_64 -arch i386 -isystem/Users/ariel/git/darling/Developer/Platforms/MacOSX.platform/Developer/SDKs/MacOSX.sdk/usr/include -isystem/Users/ariel/arch/build/darling/Developer/Platforms/MacOSX.platform/Developer/SDKs/MacOSX.sdk/usr/include -isystem/Users/ariel/git/darling/framework-include -DDARLING conftest.c >&5
configure:6149: $? = 0
configure:6153: test -z 
			 || test ! -s conftest.err
configure:6156: $? = 0
configure:6159: test -s conftest.o
configure:6162: $? = 0
configure:6173: result: yes
configure:6127: checking for unistd.h
configure:6143: /Users/ariel/private-bin/clang -c -mdynamic-no-pic -arch x86_64 -arch i386 -isystem/Users/ariel/git/darling/Developer/Platforms/MacOSX.platform/Developer/SDKs/MacOSX.sdk/usr/include -isystem/Users/ariel/arch/build/darling/Developer/Platforms/MacOSX.platform/Developer/SDKs/MacOSX.sdk/usr/include -isystem/Users/ariel/git/darling/framework-include -DDARLING conftest.c >&5
configure:6149: $? = 0
configure:6153: test -z 
			 || test ! -s conftest.err
configure:6156: $? = 0
configure:6159: test -s conftest.o
configure:6162: $? = 0
configure:6173: result: yes
configure:6201: checking for stdlib.h
configure:6206: result: yes
configure:6201: checking for unistd.h
configure:6206: result: yes
configure:6210: checking dirent.h usability
configure:6222: /Users/ariel/private-bin/clang -c -mdynamic-no-pic -arch x86_64 -arch i386 -isystem/Users/ariel/git/darling/Developer/Platforms/MacOSX.platform/Developer/SDKs/MacOSX.sdk/usr/include -isystem/Users/ariel/arch/build/darling/Developer/Platforms/MacOSX.platform/Developer/SDKs/MacOSX.sdk/usr/include -isystem/Users/ariel/git/darling/framework-include -DDARLING conftest.c >&5
configure:6228: $? = 0
configure:6232: test -z 
			 || test ! -s conftest.err
configure:6235: $? = 0
configure:6238: test -s conftest.o
configure:6241: $? = 0
configure:6251: result: yes
configure:6255: checking dirent.h presence
configure:6265: /Users/ariel/private-bin/clang -E -arch x86_64 -arch i386 -isystem/Users/ariel/git/darling/Developer/Platforms/MacOSX.platform/Developer/SDKs/MacOSX.sdk/usr/include -isystem/Users/ariel/arch/build/darling/Developer/Platforms/MacOSX.platform/Developer/SDKs/MacOSX.sdk/usr/include -isystem/Users/ariel/git/darling/framework-include -DDARLING conftest.c
configure:6271: $? = 0
configure:6291: result: yes
configure:6326: checking for dirent.h
configure:6333: result: yes
configure:6210: checking limits.h usability
configure:6222: /Users/ariel/private-bin/clang -c -mdynamic-no-pic -arch x86_64 -arch i386 -isystem/Users/ariel/git/darling/Developer/Platforms/MacOSX.platform/Developer/SDKs/MacOSX.sdk/usr/include -isystem/Users/ariel/arch/build/darling/Developer/Platforms/MacOSX.platform/Developer/SDKs/MacOSX.sdk/usr/include -isystem/Users/ariel/git/darling/framework-include -DDARLING conftest.c >&5
configure:6228: $? = 0
configure:6232: test -z 
			 || test ! -s conftest.err
configure:6235: $? = 0
configure:6238: test -s conftest.o
configure:6241: $? = 0
configure:6251: result: yes
configure:6255: checking limits.h presence
configure:6265: /Users/ariel/private-bin/clang -E -arch x86_64 -arch i386 -isystem/Users/ariel/git/darling/Developer/Platforms/MacOSX.platform/Developer/SDKs/MacOSX.sdk/usr/include -isystem/Users/ariel/arch/build/darling/Developer/Platforms/MacOSX.platform/Developer/SDKs/MacOSX.sdk/usr/include -isystem/Users/ariel/git/darling/framework-include -DDARLING conftest.c
configure:6271: $? = 0
configure:6291: result: yes
configure:6326: checking for limits.h
configure:6333: result: yes
configure:6210: checking sys/dir.h usability
configure:6222: /Users/ariel/private-bin/clang -c -mdynamic-no-pic -arch x86_64 -arch i386 -isystem/Users/ariel/git/darling/Developer/Platforms/MacOSX.platform/Developer/SDKs/MacOSX.sdk/usr/include -isystem/Users/ariel/arch/build/darling/Developer/Platforms/MacOSX.platform/Developer/SDKs/MacOSX.sdk/usr/include -isystem/Users/ariel/git/darling/framework-include -DDARLING conftest.c >&5
configure:6228: $? = 0
configure:6232: test -z 
			 || test ! -s conftest.err
configure:6235: $? = 0
configure:6238: test -s conftest.o
configure:6241: $? = 0
configure:6251: result: yes
configure:6255: checking sys/dir.h presence
configure:6265: /Users/ariel/private-bin/clang -E -arch x86_64 -arch i386 -isystem/Users/ariel/git/darling/Developer/Platforms/MacOSX.platform/Developer/SDKs/MacOSX.sdk/usr/include -isystem/Users/ariel/arch/build/darling/Developer/Platforms/MacOSX.platform/Developer/SDKs/MacOSX.sdk/usr/include -isystem/Users/ariel/git/darling/framework-include -DDARLING conftest.c
configure:6271: $? = 0
configure:6291: result: yes
configure:6326: checking for sys/dir.h
configure:6333: result: yes
configure:6201: checking for string.h
configure:6206: result: yes
configure:6201: checking for strings.h
configure:6206: result: yes
configure:6210: checking math.h usability
configure:6222: /Users/ariel/private-bin/clang -c -mdynamic-no-pic -arch x86_64 -arch i386 -isystem/Users/ariel/git/darling/Developer/Platforms/MacOSX.platform/Developer/SDKs/MacOSX.sdk/usr/include -isystem/Users/ariel/arch/build/darling/Developer/Platforms/MacOSX.platform/Developer/SDKs/MacOSX.sdk/usr/include -isystem/Users/ariel/git/darling/framework-include -DDARLING conftest.c >&5
configure:6228: $? = 0
configure:6232: test -z 
			 || test ! -s conftest.err
configure:6235: $? = 0
configure:6238: test -s conftest.o
configure:6241: $? = 0
configure:6251: result: yes
configure:6255: checking math.h presence
configure:6265: /Users/ariel/private-bin/clang -E -arch x86_64 -arch i386 -isystem/Users/ariel/git/darling/Developer/Platforms/MacOSX.platform/Developer/SDKs/MacOSX.sdk/usr/include -isystem/Users/ariel/arch/build/darling/Developer/Platforms/MacOSX.platform/Developer/SDKs/MacOSX.sdk/usr/include -isystem/Users/ariel/git/darling/framework-include -DDARLING conftest.c
configure:6271: $? = 0
configure:6291: result: yes
configure:6326: checking for math.h
configure:6333: result: yes
configure:6210: checking sys/time.h usability
configure:6222: /Users/ariel/private-bin/clang -c -mdynamic-no-pic -arch x86_64 -arch i386 -isystem/Users/ariel/git/darling/Developer/Platforms/MacOSX.platform/Developer/SDKs/MacOSX.sdk/usr/include -isystem/Users/ariel/arch/build/darling/Developer/Platforms/MacOSX.platform/Developer/SDKs/MacOSX.sdk/usr/include -isystem/Users/ariel/git/darling/framework-include -DDARLING conftest.c >&5
configure:6228: $? = 0
configure:6232: test -z 
			 || test ! -s conftest.err
configure:6235: $? = 0
configure:6238: test -s conftest.o
configure:6241: $? = 0
configure:6251: result: yes
configure:6255: checking sys/time.h presence
configure:6265: /Users/ariel/private-bin/clang -E -arch x86_64 -arch i386 -isystem/Users/ariel/git/darling/Developer/Platforms/MacOSX.platform/Developer/SDKs/MacOSX.sdk/usr/include -isystem/Users/ariel/arch/build/darling/Developer/Platforms/MacOSX.platform/Developer/SDKs/MacOSX.sdk/usr/include -isystem/Users/ariel/git/darling/framework-include -DDARLING conftest.c
configure:6271: $? = 0
configure:6291: result: yes
configure:6326: checking for sys/time.h
configure:6333: result: yes
configure:6210: checking direct.h usability
configure:6222: /Users/ariel/private-bin/clang -c -mdynamic-no-pic -arch x86_64 -arch i386 -isystem/Users/ariel/git/darling/Developer/Platforms/MacOSX.platform/Developer/SDKs/MacOSX.sdk/usr/include -isystem/Users/ariel/arch/build/darling/Developer/Platforms/MacOSX.platform/Developer/SDKs/MacOSX.sdk/usr/include -isystem/Users/ariel/git/darling/framework-include -DDARLING conftest.c >&5
conftest.c:65:10: fatal error: 'direct.h' file not found
#include <direct.h>
         ^~~~~~~~~~
1 error generated.
configure:6228: $? = 1
configure: failed program was:
| /* confdefs.h.  */
|              
| #define PACKAGE_NAME ""
| #define PACKAGE_TARNAME ""
| #define PACKAGE_VERSION ""
| #define PACKAGE_STRING ""
| #define PACKAGE_BUGREPORT ""
| #ifdef __cplusplus
| extern "C" void exit (int);
| #endif
| #define X_DISPLAY_MISSING 1
| #define STDC_HEADERS 1
| #define HAVE_SYS_TYPES_H 1
| #define HAVE_SYS_STAT_H 1
| #define HAVE_STDLIB_H 1
| #define HAVE_STRING_H 1
| #define HAVE_MEMORY_H 1
| #define HAVE_STRINGS_H 1
| #define HAVE_INTTYPES_H 1
| #define HAVE_STDINT_H 1
| #define HAVE_UNISTD_H 1
| #define HAVE_STDLIB_H 1
| #define HAVE_UNISTD_H 1
| #define HAVE_DIRENT_H 1
| #define HAVE_LIMITS_H 1
| #define HAVE_SYS_DIR_H 1
| #define HAVE_STRING_H 1
| #define HAVE_STRINGS_H 1
| #define HAVE_MATH_H 1
| #define HAVE_SYS_TIME_H 1
| /* end confdefs.h.  */
| #include <stdio.h>
| #if HAVE_SYS_TYPES_H
| # include <sys/types.h>
| #endif
| #if HAVE_SYS_STAT_H
| # include <sys/stat.h>
| #endif
| #if STDC_HEADERS
| # include <stdlib.h>
| # include <stddef.h>
| #else
| # if HAVE_STDLIB_H
| #  include <stdlib.h>
| # endif
| #endif
| #if HAVE_STRING_H
| # if !STDC_HEADERS && HAVE_MEMORY_H
| #  include <memory.h>
| # endif
| # include <string.h>
| #endif
| #if HAVE_STRINGS_H
| # include <strings.h>
| #endif
| #if HAVE_INTTYPES_H
| # include <inttypes.h>
| #endif
| #if HAVE_STDINT_H
| # include <stdint.h>
| #endif
| #if HAVE_UNISTD_H
| # include <unistd.h>
| #endif
| #include <direct.h>
configure:6251: result: no
configure:6255: checking direct.h presence
configure:6265: /Users/ariel/private-bin/clang -E -arch x86_64 -arch i386 -isystem/Users/ariel/git/darling/Developer/Platforms/MacOSX.platform/Developer/SDKs/MacOSX.sdk/usr/include -isystem/Users/ariel/arch/build/darling/Developer/Platforms/MacOSX.platform/Developer/SDKs/MacOSX.sdk/usr/include -isystem/Users/ariel/git/darling/framework-include -DDARLING conftest.c
conftest.c:32:10: fatal error: 'direct.h' file not found
#include <direct.h>
         ^~~~~~~~~~
1 error generated.
configure:6271: $? = 1
configure: failed program was:
| /* confdefs.h.  */
|              
| #define PACKAGE_NAME ""
| #define PACKAGE_TARNAME ""
| #define PACKAGE_VERSION ""
| #define PACKAGE_STRING ""
| #define PACKAGE_BUGREPORT ""
| #ifdef __cplusplus
| extern "C" void exit (int);
| #endif
| #define X_DISPLAY_MISSING 1
| #define STDC_HEADERS 1
| #define HAVE_SYS_TYPES_H 1
| #define HAVE_SYS_STAT_H 1
| #define HAVE_STDLIB_H 1
| #define HAVE_STRING_H 1
| #define HAVE_MEMORY_H 1
| #define HAVE_STRINGS_H 1
| #define HAVE_INTTYPES_H 1
| #define HAVE_STDINT_H 1
| #define HAVE_UNISTD_H 1
| #define HAVE_STDLIB_H 1
| #define HAVE_UNISTD_H 1
| #define HAVE_DIRENT_H 1
| #define HAVE_LIMITS_H 1
| #define HAVE_SYS_DIR_H 1
| #define HAVE_STRING_H 1
| #define HAVE_STRINGS_H 1
| #define HAVE_MATH_H 1
| #define HAVE_SYS_TIME_H 1
| /* end confdefs.h.  */
| #include <direct.h>
configure:6291: result: no
configure:6326: checking for direct.h
configure:6333: result: no
configure:6210: checking process.h usability
configure:6222: /Users/ariel/private-bin/clang -c -mdynamic-no-pic -arch x86_64 -arch i386 -isystem/Users/ariel/git/darling/Developer/Platforms/MacOSX.platform/Developer/SDKs/MacOSX.sdk/usr/include -isystem/Users/ariel/arch/build/darling/Developer/Platforms/MacOSX.platform/Developer/SDKs/MacOSX.sdk/usr/include -isystem/Users/ariel/git/darling/framework-include -DDARLING conftest.c >&5
conftest.c:65:10: fatal error: 'process.h' file not found
#include <process.h>
         ^~~~~~~~~~~
1 error generated.
configure:6228: $? = 1
configure: failed program was:
| /* confdefs.h.  */
|              
| #define PACKAGE_NAME ""
| #define PACKAGE_TARNAME ""
| #define PACKAGE_VERSION ""
| #define PACKAGE_STRING ""
| #define PACKAGE_BUGREPORT ""
| #ifdef __cplusplus
| extern "C" void exit (int);
| #endif
| #define X_DISPLAY_MISSING 1
| #define STDC_HEADERS 1
| #define HAVE_SYS_TYPES_H 1
| #define HAVE_SYS_STAT_H 1
| #define HAVE_STDLIB_H 1
| #define HAVE_STRING_H 1
| #define HAVE_MEMORY_H 1
| #define HAVE_STRINGS_H 1
| #define HAVE_INTTYPES_H 1
| #define HAVE_STDINT_H 1
| #define HAVE_UNISTD_H 1
| #define HAVE_STDLIB_H 1
| #define HAVE_UNISTD_H 1
| #define HAVE_DIRENT_H 1
| #define HAVE_LIMITS_H 1
| #define HAVE_SYS_DIR_H 1
| #define HAVE_STRING_H 1
| #define HAVE_STRINGS_H 1
| #define HAVE_MATH_H 1
| #define HAVE_SYS_TIME_H 1
| /* end confdefs.h.  */
| #include <stdio.h>
| #if HAVE_SYS_TYPES_H
| # include <sys/types.h>
| #endif
| #if HAVE_SYS_STAT_H
| # include <sys/stat.h>
| #endif
| #if STDC_HEADERS
| # include <stdlib.h>
| # include <stddef.h>
| #else
| # if HAVE_STDLIB_H
| #  include <stdlib.h>
| # endif
| #endif
| #if HAVE_STRING_H
| # if !STDC_HEADERS && HAVE_MEMORY_H
| #  include <memory.h>
| # endif
| # include <string.h>
| #endif
| #if HAVE_STRINGS_H
| # include <strings.h>
| #endif
| #if HAVE_INTTYPES_H
| # include <inttypes.h>
| #endif
| #if HAVE_STDINT_H
| # include <stdint.h>
| #endif
| #if HAVE_UNISTD_H
| # include <unistd.h>
| #endif
| #include <process.h>
configure:6251: result: no
configure:6255: checking process.h presence
configure:6265: /Users/ariel/private-bin/clang -E -arch x86_64 -arch i386 -isystem/Users/ariel/git/darling/Developer/Platforms/MacOSX.platform/Developer/SDKs/MacOSX.sdk/usr/include -isystem/Users/ariel/arch/build/darling/Developer/Platforms/MacOSX.platform/Developer/SDKs/MacOSX.sdk/usr/include -isystem/Users/ariel/git/darling/framework-include -DDARLING conftest.c
conftest.c:32:10: fatal error: 'process.h' file not found
#include <process.h>
         ^~~~~~~~~~~
1 error generated.
configure:6271: $? = 1
configure: failed program was:
| /* confdefs.h.  */
|              
| #define PACKAGE_NAME ""
| #define PACKAGE_TARNAME ""
| #define PACKAGE_VERSION ""
| #define PACKAGE_STRING ""
| #define PACKAGE_BUGREPORT ""
| #ifdef __cplusplus
| extern "C" void exit (int);
| #endif
| #define X_DISPLAY_MISSING 1
| #define STDC_HEADERS 1
| #define HAVE_SYS_TYPES_H 1
| #define HAVE_SYS_STAT_H 1
| #define HAVE_STDLIB_H 1
| #define HAVE_STRING_H 1
| #define HAVE_MEMORY_H 1
| #define HAVE_STRINGS_H 1
| #define HAVE_INTTYPES_H 1
| #define HAVE_STDINT_H 1
| #define HAVE_UNISTD_H 1
| #define HAVE_STDLIB_H 1
| #define HAVE_UNISTD_H 1
| #define HAVE_DIRENT_H 1
| #define HAVE_LIMITS_H 1
| #define HAVE_SYS_DIR_H 1
| #define HAVE_STRING_H 1
| #define HAVE_STRINGS_H 1
| #define HAVE_MATH_H 1
| #define HAVE_SYS_TIME_H 1
| /* end confdefs.h.  */
| #include <process.h>
configure:6291: result: no
configure:6326: checking for process.h
configure:6333: result: no
configure:6346: checking for ISC 3.x or 4.x
configure:6358: result: no
configure:6361: checking whether -D_POSIX_SOURCE is necessary
configure:6392: /Users/ariel/private-bin/clang++ -c -g -O2 -arch x86_64 -arch i386 -isystem/Users/ariel/git/darling/Developer/Platforms/MacOSX.platform/Developer/SDKs/MacOSX.sdk/usr/include -isystem/Users/ariel/arch/build/darling/Developer/Platforms/MacOSX.platform/Developer/SDKs/MacOSX.sdk/usr/include -isystem/Users/ariel/git/darling/framework-include -DDARLING conftest.cc >&5
conftest.cc:36:19: error: functions that differ only in their return type cannot be overloaded
extern "C" { void fileno(int); }
             ~~~~ ^
/Users/ariel/git/darling/Developer/Platforms/MacOSX.platform/Developer/SDKs/MacOSX.sdk/usr/include/stdio.h:213:6: note: previous declaration is here
int      fileno(FILE *);
~~~      ^
1 error generated.
configure:6398: $? = 1
configure: failed program was:
| 
|        /* confdefs.h.  */
|              
| #define PACKAGE_NAME ""
| #define PACKAGE_TARNAME ""
| #define PACKAGE_VERSION ""
| #define PACKAGE_STRING ""
| #define PACKAGE_BUGREPORT ""
| #ifdef __cplusplus
| extern "C" void exit (int);
| #endif
| #define X_DISPLAY_MISSING 1
| #define STDC_HEADERS 1
| #define HAVE_SYS_TYPES_H 1
| #define HAVE_SYS_STAT_H 1
| #define HAVE_STDLIB_H 1
| #define HAVE_STRING_H 1
| #define HAVE_MEMORY_H 1
| #define HAVE_STRINGS_H 1
| #define HAVE_INTTYPES_H 1
| #define HAVE_STDINT_H 1
| #define HAVE_UNISTD_H 1
| #define HAVE_STDLIB_H 1
| #define HAVE_UNISTD_H 1
| #define HAVE_DIRENT_H 1
| #define HAVE_LIMITS_H 1
| #define HAVE_SYS_DIR_H 1
| #define HAVE_STRING_H 1
| #define HAVE_STRINGS_H 1
| #define HAVE_MATH_H 1
| #define HAVE_SYS_TIME_H 1
| /* end confdefs.h.  */
| 
| 
| #include <stdio.h>
| extern "C" { void fileno(int); }
| 
| 
| int
| main ()
| {
| 
|   ;
|   return 0;
| }
| 
configure:6424: result: no
configure:6442: checking for return type of srand
configure:6467: /Users/ariel/private-bin/clang++ -c -g -O2 -arch x86_64 -arch i386 -isystem/Users/ariel/git/darling/Developer/Platforms/MacOSX.platform/Developer/SDKs/MacOSX.sdk/usr/include -isystem/Users/ariel/arch/build/darling/Developer/Platforms/MacOSX.platform/Developer/SDKs/MacOSX.sdk/usr/include -isystem/Users/ariel/git/darling/framework-include -DDARLING conftest.cc >&5
configure:6473: $? = 0
configure:6477: test -z 
			 || test ! -s conftest.err
configure:6480: $? = 0
configure:6483: test -s conftest.o
configure:6486: $? = 0
configure:6488: result: void
configure:6509: checking whether gettimeofday must be declared
configure:6566: /Users/ariel/private-bin/clang++ -c -g -O2 -arch x86_64 -arch i386 -isystem/Users/ariel/git/darling/Developer/Platforms/MacOSX.platform/Developer/SDKs/MacOSX.sdk/usr/include -isystem/Users/ariel/arch/build/darling/Developer/Platforms/MacOSX.platform/Developer/SDKs/MacOSX.sdk/usr/include -isystem/Users/ariel/git/darling/framework-include -DDARLING conftest.cc >&5
configure:6572: $? = 0
configure:6576: test -z 
			 || test ! -s conftest.err
configure:6579: $? = 0
configure:6582: test -s conftest.o
configure:6585: $? = 0
configure:6597: result: no
configure:6612: checking whether hypot must be declared
configure:6669: /Users/ariel/private-bin/clang++ -c -g -O2 -arch x86_64 -arch i386 -isystem/Users/ariel/git/darling/Developer/Platforms/MacOSX.platform/Developer/SDKs/MacOSX.sdk/usr/include -isystem/Users/ariel/arch/build/darling/Developer/Platforms/MacOSX.platform/Developer/SDKs/MacOSX.sdk/usr/include -isystem/Users/ariel/git/darling/framework-include -DDARLING conftest.cc >&5
configure:6675: $? = 0
configure:6679: test -z 
			 || test ! -s conftest.err
configure:6682: $? = 0
configure:6685: test -s conftest.o
configure:6688: $? = 0
configure:6700: result: no
configure:6715: checking whether popen must be declared
configure:6772: /Users/ariel/private-bin/clang++ -c -g -O2 -arch x86_64 -arch i386 -isystem/Users/ariel/git/darling/Developer/Platforms/MacOSX.platform/Developer/SDKs/MacOSX.sdk/usr/include -isystem/Users/ariel/arch/build/darling/Developer/Platforms/MacOSX.platform/Developer/SDKs/MacOSX.sdk/usr/include -isystem/Users/ariel/git/darling/framework-include -DDARLING conftest.cc >&5
configure:6778: $? = 0
configure:6782: test -z 
			 || test ! -s conftest.err
configure:6785: $? = 0
configure:6788: test -s conftest.o
configure:6791: $? = 0
configure:6803: result: no
configure:6818: checking whether pclose must be declared
configure:6875: /Users/ariel/private-bin/clang++ -c -g -O2 -arch x86_64 -arch i386 -isystem/Users/ariel/git/darling/Developer/Platforms/MacOSX.platform/Developer/SDKs/MacOSX.sdk/usr/include -isystem/Users/ariel/arch/build/darling/Developer/Platforms/MacOSX.platform/Developer/SDKs/MacOSX.sdk/usr/include -isystem/Users/ariel/git/darling/framework-include -DDARLING conftest.cc >&5
configure:6881: $? = 0
configure:6885: test -z 
			 || test ! -s conftest.err
configure:6888: $? = 0
configure:6891: test -s conftest.o
configure:6894: $? = 0
configure:6906: result: no
configure:6921: checking whether putenv must be declared
configure:6978: /Users/ariel/private-bin/clang++ -c -g -O2 -arch x86_64 -arch i386 -isystem/Users/ariel/git/darling/Developer/Platforms/MacOSX.platform/Developer/SDKs/MacOSX.sdk/usr/include -isystem/Users/ariel/arch/build/darling/Developer/Platforms/MacOSX.platform/Developer/SDKs/MacOSX.sdk/usr/include -isystem/Users/ariel/git/darling/framework-include -DDARLING conftest.cc >&5
configure:6984: $? = 0
configure:6988: test -z 
			 || test ! -s conftest.err
configure:6991: $? = 0
configure:6994: test -s conftest.o
configure:6997: $? = 0
configure:7009: result: no
configure:7024: checking whether rand must be declared
configure:7081: /Users/ariel/private-bin/clang++ -c -g -O2 -arch x86_64 -arch i386 -isystem/Users/ariel/git/darling/Developer/Platforms/MacOSX.platform/Developer/SDKs/MacOSX.sdk/usr/include -isystem/Users/ariel/arch/build/darling/Developer/Platforms/MacOSX.platform/Developer/SDKs/MacOSX.sdk/usr/include -isystem/Users/ariel/git/darling/framework-include -DDARLING conftest.cc >&5
configure:7087: $? = 0
configure:7091: test -z 
			 || test ! -s conftest.err
configure:7094: $? = 0
configure:7097: test -s conftest.o
configure:7100: $? = 0
configure:7112: result: no
configure:7127: checking whether snprintf must be declared
configure:7184: /Users/ariel/private-bin/clang++ -c -g -O2 -arch x86_64 -arch i386 -isystem/Users/ariel/git/darling/Developer/Platforms/MacOSX.platform/Developer/SDKs/MacOSX.sdk/usr/include -isystem/Users/ariel/arch/build/darling/Developer/Platforms/MacOSX.platform/Developer/SDKs/MacOSX.sdk/usr/include -isystem/Users/ariel/git/darling/framework-include -DDARLING conftest.cc >&5
configure:7190: $? = 0
configure:7194: test -z 
			 || test ! -s conftest.err
configure:7197: $? = 0
configure:7200: test -s conftest.o
configure:7203: $? = 0
configure:7215: result: no
configure:7230: checking whether srand must be declared
configure:7287: /Users/ariel/private-bin/clang++ -c -g -O2 -arch x86_64 -arch i386 -isystem/Users/ariel/git/darling/Developer/Platforms/MacOSX.platform/Developer/SDKs/MacOSX.sdk/usr/include -isystem/Users/ariel/arch/build/darling/Developer/Platforms/MacOSX.platform/Developer/SDKs/MacOSX.sdk/usr/include -isystem/Users/ariel/git/darling/framework-include -DDARLING conftest.cc >&5
configure:7293: $? = 0
configure:7297: test -z 
			 || test ! -s conftest.err
configure:7300: $? = 0
configure:7303: test -s conftest.o
configure:7306: $? = 0
configure:7318: result: no
configure:7333: checking whether strcasecmp must be declared
configure:7390: /Users/ariel/private-bin/clang++ -c -g -O2 -arch x86_64 -arch i386 -isystem/Users/ariel/git/darling/Developer/Platforms/MacOSX.platform/Developer/SDKs/MacOSX.sdk/usr/include -isystem/Users/ariel/arch/build/darling/Developer/Platforms/MacOSX.platform/Developer/SDKs/MacOSX.sdk/usr/include -isystem/Users/ariel/git/darling/framework-include -DDARLING conftest.cc >&5
configure:7396: $? = 0
configure:7400: test -z 
			 || test ! -s conftest.err
configure:7403: $? = 0
configure:7406: test -s conftest.o
configure:7409: $? = 0
configure:7421: result: no
configure:7436: checking whether strncasecmp must be declared
configure:7493: /Users/ariel/private-bin/clang++ -c -g -O2 -arch x86_64 -arch i386 -isystem/Users/ariel/git/darling/Developer/Platforms/MacOSX.platform/Developer/SDKs/MacOSX.sdk/usr/include -isystem/Users/ariel/arch/build/darling/Developer/Platforms/MacOSX.platform/Developer/SDKs/MacOSX.sdk/usr/include -isystem/Users/ariel/git/darling/framework-include -DDARLING conftest.cc >&5
configure:7499: $? = 0
configure:7503: test -z 
			 || test ! -s conftest.err
configure:7506: $? = 0
configure:7509: test -s conftest.o
configure:7512: $? = 0
configure:7524: result: no
configure:7539: checking whether vfprintf must be declared
configure:7596: /Users/ariel/private-bin/clang++ -c -g -O2 -arch x86_64 -arch i386 -isystem/Users/ariel/git/darling/Developer/Platforms/MacOSX.platform/Developer/SDKs/MacOSX.sdk/usr/include -isystem/Users/ariel/arch/build/darling/Developer/Platforms/MacOSX.platform/Developer/SDKs/MacOSX.sdk/usr/include -isystem/Users/ariel/git/darling/framework-include -DDARLING conftest.cc >&5
configure:7602: $? = 0
configure:7606: test -z 
			 || test ! -s conftest.err
configure:7609: $? = 0
configure:7612: test -s conftest.o
configure:7615: $? = 0
configure:7627: result: no
configure:7642: checking whether vsnprintf must be declared
configure:7699: /Users/ariel/private-bin/clang++ -c -g -O2 -arch x86_64 -arch i386 -isystem/Users/ariel/git/darling/Developer/Platforms/MacOSX.platform/Developer/SDKs/MacOSX.sdk/usr/include -isystem/Users/ariel/arch/build/darling/Developer/Platforms/MacOSX.platform/Developer/SDKs/MacOSX.sdk/usr/include -isystem/Users/ariel/git/darling/framework-include -DDARLING conftest.cc >&5
configure:7705: $? = 0
configure:7709: test -z 
			 || test ! -s conftest.err
configure:7712: $? = 0
configure:7715: test -s conftest.o
configure:7718: $? = 0
configure:7730: result: no
configure:7751: checking for sys_nerr in <errno.h>, <stdio.h>, or <stdlib.h>
configure:7782: /Users/ariel/private-bin/clang++ -c -g -O2 -arch x86_64 -arch i386 -isystem/Users/ariel/git/darling/Developer/Platforms/MacOSX.platform/Developer/SDKs/MacOSX.sdk/usr/include -isystem/Users/ariel/arch/build/darling/Developer/Platforms/MacOSX.platform/Developer/SDKs/MacOSX.sdk/usr/include -isystem/Users/ariel/git/darling/framework-include -DDARLING conftest.cc >&5
configure:7788: $? = 0
configure:7792: test -z 
			 || test ! -s conftest.err
configure:7795: $? = 0
configure:7798: test -s conftest.o
configure:7801: $? = 0
configure:7803: result: yes
configure:7824: checking for sys_errlist in <errno.h>, <stdio.h>, or <stdlib.h>
configure:7855: /Users/ariel/private-bin/clang -c -mdynamic-no-pic -arch x86_64 -arch i386 -isystem/Users/ariel/git/darling/Developer/Platforms/MacOSX.platform/Developer/SDKs/MacOSX.sdk/usr/include -isystem/Users/ariel/arch/build/darling/Developer/Platforms/MacOSX.platform/Developer/SDKs/MacOSX.sdk/usr/include -isystem/Users/ariel/git/darling/framework-include -DDARLING conftest.c >&5
configure:7861: $? = 0
configure:7865: test -z 
			 || test ! -s conftest.err
configure:7868: $? = 0
configure:7871: test -s conftest.o
configure:7874: $? = 0
configure:7876: result: yes
configure:7897: checking C++ <osfcn.h>
configure:7926: /Users/ariel/private-bin/clang++ -c -g -O2 -arch x86_64 -arch i386 -isystem/Users/ariel/git/darling/Developer/Platforms/MacOSX.platform/Developer/SDKs/MacOSX.sdk/usr/include -isystem/Users/ariel/arch/build/darling/Developer/Platforms/MacOSX.platform/Developer/SDKs/MacOSX.sdk/usr/include -isystem/Users/ariel/git/darling/framework-include -DDARLING conftest.cc >&5
conftest.cc:38:10: fatal error: 'osfcn.h' file not found
#include <osfcn.h>
         ^~~~~~~~~
1 error generated.
configure:7932: $? = 1
configure: failed program was:
| 
|        /* confdefs.h.  */
|              
| #define PACKAGE_NAME ""
| #define PACKAGE_TARNAME ""
| #define PACKAGE_VERSION ""
| #define PACKAGE_STRING ""
| #define PACKAGE_BUGREPORT ""
| #ifdef __cplusplus
| extern "C" void exit (int);
| #endif
| #define X_DISPLAY_MISSING 1
| #define STDC_HEADERS 1
| #define HAVE_SYS_TYPES_H 1
| #define HAVE_SYS_STAT_H 1
| #define HAVE_STDLIB_H 1
| #define HAVE_STRING_H 1
| #define HAVE_MEMORY_H 1
| #define HAVE_STRINGS_H 1
| #define HAVE_INTTYPES_H 1
| #define HAVE_STDINT_H 1
| #define HAVE_UNISTD_H 1
| #define HAVE_STDLIB_H 1
| #define HAVE_UNISTD_H 1
| #define HAVE_DIRENT_H 1
| #define HAVE_LIMITS_H 1
| #define HAVE_SYS_DIR_H 1
| #define HAVE_STRING_H 1
| #define HAVE_STRINGS_H 1
| #define HAVE_MATH_H 1
| #define HAVE_SYS_TIME_H 1
| #define RET_TYPE_SRAND_IS_VOID 1
| #define HAVE_SYS_NERR 1
| #define HAVE_SYS_ERRLIST 1
| /* end confdefs.h.  */
| 
| 
| #include <osfcn.h>
| 
| 
| int
| main ()
| {
| 
| 
| read(0, 0, 0);
| open(0, 0);
| 
| 
|   ;
|   return 0;
| }
| 
configure:7958: result: no
configure:7974: checking C++ <limits.h>
configure:8004: /Users/ariel/private-bin/clang++ -c -g -O2 -arch x86_64 -arch i386 -isystem/Users/ariel/git/darling/Developer/Platforms/MacOSX.platform/Developer/SDKs/MacOSX.sdk/usr/include -isystem/Users/ariel/arch/build/darling/Developer/Platforms/MacOSX.platform/Developer/SDKs/MacOSX.sdk/usr/include -isystem/Users/ariel/git/darling/framework-include -DDARLING conftest.cc >&5
configure:8010: $? = 0
configure:8014: test -z 
			 || test ! -s conftest.err
configure:8017: $? = 0
configure:8020: test -s conftest.o
configure:8023: $? = 0
configure:8025: result: yes
configure:8052: checking C++ <inttypes.h>
configure:8081: /Users/ariel/private-bin/clang++ -c -g -O2 -arch x86_64 -arch i386 -isystem/Users/ariel/git/darling/Developer/Platforms/MacOSX.platform/Developer/SDKs/MacOSX.sdk/usr/include -isystem/Users/ariel/arch/build/darling/Developer/Platforms/MacOSX.platform/Developer/SDKs/MacOSX.sdk/usr/include -isystem/Users/ariel/git/darling/framework-include -DDARLING conftest.cc >&5
configure:8087: $? = 0
configure:8091: test -z 
			 || test ! -s conftest.err
configure:8094: $? = 0
configure:8097: test -s conftest.o
configure:8100: $? = 0
configure:8115: result: yes
configure:8131: checking for unsigned long long
configure:8161: /Users/ariel/private-bin/clang++ -o conftest -g -O2 -arch x86_64 -arch i386 -isystem/Users/ariel/git/darling/Developer/Platforms/MacOSX.platform/Developer/SDKs/MacOSX.sdk/usr/include -isystem/Users/ariel/arch/build/darling/Developer/Platforms/MacOSX.platform/Developer/SDKs/MacOSX.sdk/usr/include -isystem/Users/ariel/git/darling/framework-include -DDARLING  conftest.cc  >&5
configure:8167: $? = 0
configure:8171: test -z 
			 || test ! -s conftest.err
configure:8174: $? = 0
configure:8177: test -s conftest
configure:8180: $? = 0
configure:8191: result: yes
configure:8217: checking for declaration of time_t
configure:8246: /Users/ariel/private-bin/clang++ -c -g -O2 -arch x86_64 -arch i386 -isystem/Users/ariel/git/darling/Developer/Platforms/MacOSX.platform/Developer/SDKs/MacOSX.sdk/usr/include -isystem/Users/ariel/arch/build/darling/Developer/Platforms/MacOSX.platform/Developer/SDKs/MacOSX.sdk/usr/include -isystem/Users/ariel/git/darling/framework-include -DDARLING conftest.cc >&5
configure:8252: $? = 0
configure:8256: test -z 
			 || test ! -s conftest.err
configure:8259: $? = 0
configure:8262: test -s conftest.o
configure:8265: $? = 0
configure:8267: result: yes
configure:8288: checking for return type of signal handlers
configure:8326: /Users/ariel/private-bin/clang -c -mdynamic-no-pic -arch x86_64 -arch i386 -isystem/Users/ariel/git/darling/Developer/Platforms/MacOSX.platform/Developer/SDKs/MacOSX.sdk/usr/include -isystem/Users/ariel/arch/build/darling/Developer/Platforms/MacOSX.platform/Developer/SDKs/MacOSX.sdk/usr/include -isystem/Users/ariel/git/darling/framework-include -DDARLING conftest.c >&5
conftest.c:45:8: error: expected identifier or '('
extern "C" void (*signal (int, void (*)(int)))(int);
       ^
1 error generated.
configure:8332: $? = 1
configure: failed program was:
| 
| 	 /* confdefs.h.  */
|              
| #define PACKAGE_NAME ""
| #define PACKAGE_TARNAME ""
| #define PACKAGE_VERSION ""
| #define PACKAGE_STRING ""
| #define PACKAGE_BUGREPORT ""
| #ifdef __cplusplus
| extern "C" void exit (int);
| #endif
| #define X_DISPLAY_MISSING 1
| #define STDC_HEADERS 1
| #define HAVE_SYS_TYPES_H 1
| #define HAVE_SYS_STAT_H 1
| #define HAVE_STDLIB_H 1
| #define HAVE_STRING_H 1
| #define HAVE_MEMORY_H 1
| #define HAVE_STRINGS_H 1
| #define HAVE_INTTYPES_H 1
| #define HAVE_STDINT_H 1
| #define HAVE_UNISTD_H 1
| #define HAVE_STDLIB_H 1
| #define HAVE_UNISTD_H 1
| #define HAVE_DIRENT_H 1
| #define HAVE_LIMITS_H 1
| #define HAVE_SYS_DIR_H 1
| #define HAVE_STRING_H 1
| #define HAVE_STRINGS_H 1
| #define HAVE_MATH_H 1
| #define HAVE_SYS_TIME_H 1
| #define RET_TYPE_SRAND_IS_VOID 1
| #define HAVE_SYS_NERR 1
| #define HAVE_SYS_ERRLIST 1
| #define HAVE_CC_LIMITS_H 1
| #define HAVE_CC_INTTYPES_H 1
| /* end confdefs.h.  */
| 
| 
| #include <sys/types.h>
| #include <signal.h>
| #ifdef signal
| # undef signal
| #endif
| extern "C" void (*signal (int, void (*)(int)))(int);
| 
| 
| int
| main ()
| {
| 
| 
| int i;
| 
| 
|   ;
|   return 0;
| }
| 
configure:8326: /Users/ariel/private-bin/clang -c -mdynamic-no-pic -arch x86_64 -arch i386 -isystem/Users/ariel/git/darling/Developer/Platforms/MacOSX.platform/Developer/SDKs/MacOSX.sdk/usr/include -isystem/Users/ariel/arch/build/darling/Developer/Platforms/MacOSX.platform/Developer/SDKs/MacOSX.sdk/usr/include -isystem/Users/ariel/git/darling/framework-include -DDARLING conftest.c >&5
conftest.c:45:8: error: expected identifier or '('
extern "C" void (*signal (int, void (*)(int)) throw ())(int);
       ^
1 error generated.
configure:8332: $? = 1
configure: failed program was:
| 
| 	 /* confdefs.h.  */
|              
| #define PACKAGE_NAME ""
| #define PACKAGE_TARNAME ""
| #define PACKAGE_VERSION ""
| #define PACKAGE_STRING ""
| #define PACKAGE_BUGREPORT ""
| #ifdef __cplusplus
| extern "C" void exit (int);
| #endif
| #define X_DISPLAY_MISSING 1
| #define STDC_HEADERS 1
| #define HAVE_SYS_TYPES_H 1
| #define HAVE_SYS_STAT_H 1
| #define HAVE_STDLIB_H 1
| #define HAVE_STRING_H 1
| #define HAVE_MEMORY_H 1
| #define HAVE_STRINGS_H 1
| #define HAVE_INTTYPES_H 1
| #define HAVE_STDINT_H 1
| #define HAVE_UNISTD_H 1
| #define HAVE_STDLIB_H 1
| #define HAVE_UNISTD_H 1
| #define HAVE_DIRENT_H 1
| #define HAVE_LIMITS_H 1
| #define HAVE_SYS_DIR_H 1
| #define HAVE_STRING_H 1
| #define HAVE_STRINGS_H 1
| #define HAVE_MATH_H 1
| #define HAVE_SYS_TIME_H 1
| #define RET_TYPE_SRAND_IS_VOID 1
| #define HAVE_SYS_NERR 1
| #define HAVE_SYS_ERRLIST 1
| #define HAVE_CC_LIMITS_H 1
| #define HAVE_CC_INTTYPES_H 1
| /* end confdefs.h.  */
| 
| 
| #include <sys/types.h>
| #include <signal.h>
| #ifdef signal
| # undef signal
| #endif
| extern "C" void (*signal (int, void (*)(int)) throw ())(int);
| 
| 
| int
| main ()
| {
| 
| 
| int i;
| 
| 
|   ;
|   return 0;
| }
| 
configure:8326: /Users/ariel/private-bin/clang -c -mdynamic-no-pic -arch x86_64 -arch i386 -isystem/Users/ariel/git/darling/Developer/Platforms/MacOSX.platform/Developer/SDKs/MacOSX.sdk/usr/include -isystem/Users/ariel/arch/build/darling/Developer/Platforms/MacOSX.platform/Developer/SDKs/MacOSX.sdk/usr/include -isystem/Users/ariel/git/darling/framework-include -DDARLING conftest.c >&5
configure:8332: $? = 0
configure:8336: test -z 
			 || test ! -s conftest.err
configure:8339: $? = 0
configure:8342: test -s conftest.o
configure:8345: $? = 0
configure:8358: result: void
configure:8374: checking struct exception
configure:8402: /Users/ariel/private-bin/clang -c -mdynamic-no-pic -arch x86_64 -arch i386 -isystem/Users/ariel/git/darling/Developer/Platforms/MacOSX.platform/Developer/SDKs/MacOSX.sdk/usr/include -isystem/Users/ariel/arch/build/darling/Developer/Platforms/MacOSX.platform/Developer/SDKs/MacOSX.sdk/usr/include -isystem/Users/ariel/git/darling/framework-include -DDARLING conftest.c >&5
configure:8408: $? = 0
configure:8412: test -z 
			 || test ! -s conftest.err
configure:8415: $? = 0
configure:8418: test -s conftest.o
configure:8421: $? = 0
configure:8423: result: yes
configure:8440: checking for main in -lc
configure:8464: /Users/ariel/private-bin/clang -o conftest -mdynamic-no-pic -arch x86_64 -arch i386 -isystem/Users/ariel/git/darling/Developer/Platforms/MacOSX.platform/Developer/SDKs/MacOSX.sdk/usr/include -isystem/Users/ariel/arch/build/darling/Developer/Platforms/MacOSX.platform/Developer/SDKs/MacOSX.sdk/usr/include -isystem/Users/ariel/git/darling/framework-include -DDARLING  conftest.c -lc   >&5
configure:8470: $? = 0
configure:8474: test -z 
			 || test ! -s conftest.err
configure:8477: $? = 0
configure:8480: test -s conftest
configure:8483: $? = 0
configure:8496: result: yes
configure:8503: checking for sin in -lm
configure:8533: /Users/ariel/private-bin/clang -o conftest -mdynamic-no-pic -arch x86_64 -arch i386 -isystem/Users/ariel/git/darling/Developer/Platforms/MacOSX.platform/Developer/SDKs/MacOSX.sdk/usr/include -isystem/Users/ariel/arch/build/darling/Developer/Platforms/MacOSX.platform/Developer/SDKs/MacOSX.sdk/usr/include -isystem/Users/ariel/git/darling/framework-include -DDARLING  conftest.c -lm   >&5
conftest.c:46:6: warning: incompatible redeclaration of library function 'sin' [-Wincompatible-library-redeclaration]
char sin ();
     ^
conftest.c:46:6: note: 'sin' is a builtin with type 'double (double)'
1 warning generated.
configure:8539: $? = 0
configure:8543: test -z 
			 || test ! -s conftest.err
configure:8546: $? = 0
configure:8549: test -s conftest
configure:8552: $? = 0
configure:8565: result: yes
configure:8580: checking for stdlib.h
configure:8585: result: yes
configure:8580: checking for unistd.h
configure:8585: result: yes
configure:8729: checking for getpagesize
configure:8786: /Users/ariel/private-bin/clang -o conftest -mdynamic-no-pic -arch x86_64 -arch i386 -isystem/Users/ariel/git/darling/Developer/Platforms/MacOSX.platform/Developer/SDKs/MacOSX.sdk/usr/include -isystem/Users/ariel/arch/build/darling/Developer/Platforms/MacOSX.platform/Developer/SDKs/MacOSX.sdk/usr/include -isystem/Users/ariel/git/darling/framework-include -DDARLING  conftest.c  >&5
configure:8792: $? = 0
configure:8796: test -z 
			 || test ! -s conftest.err
configure:8799: $? = 0
configure:8802: test -s conftest
configure:8805: $? = 0
configure:8817: result: yes
configure:8827: checking for working mmap
configure:8969: /Users/ariel/private-bin/clang -o conftest -mdynamic-no-pic -arch x86_64 -arch i386 -isystem/Users/ariel/git/darling/Developer/Platforms/MacOSX.platform/Developer/SDKs/MacOSX.sdk/usr/include -isystem/Users/ariel/arch/build/darling/Developer/Platforms/MacOSX.platform/Developer/SDKs/MacOSX.sdk/usr/include -isystem/Users/ariel/git/darling/framework-include -DDARLING  conftest.c  >&5
configure:8972: $? = 0
configure:8974: ./conftest
configure:8977: $? = 0
configure:8991: result: yes
configure:9016: checking for fmod
configure:9073: /Users/ariel/private-bin/clang -o conftest -mdynamic-no-pic -arch x86_64 -arch i386 -isystem/Users/ariel/git/darling/Developer/Platforms/MacOSX.platform/Developer/SDKs/MacOSX.sdk/usr/include -isystem/Users/ariel/arch/build/darling/Developer/Platforms/MacOSX.platform/Developer/SDKs/MacOSX.sdk/usr/include -isystem/Users/ariel/git/darling/framework-include -DDARLING  conftest.c  -lc -lm >&5
conftest.c:67:6: warning: incompatible redeclaration of library function 'fmod' [-Wincompatible-library-redeclaration]
char fmod ();
     ^
conftest.c:67:6: note: 'fmod' is a builtin with type 'double (double, double)'
1 warning generated.
configure:9079: $? = 0
configure:9083: test -z 
			 || test ! -s conftest.err
configure:9086: $? = 0
configure:9089: test -s conftest
configure:9092: $? = 0
configure:9104: result: yes
configure:9016: checking for getcwd
configure:9073: /Users/ariel/private-bin/clang -o conftest -mdynamic-no-pic -arch x86_64 -arch i386 -isystem/Users/ariel/git/darling/Developer/Platforms/MacOSX.platform/Developer/SDKs/MacOSX.sdk/usr/include -isystem/Users/ariel/arch/build/darling/Developer/Platforms/MacOSX.platform/Developer/SDKs/MacOSX.sdk/usr/include -isystem/Users/ariel/git/darling/framework-include -DDARLING  conftest.c  -lc -lm >&5
configure:9079: $? = 0
configure:9083: test -z 
			 || test ! -s conftest.err
configure:9086: $? = 0
configure:9089: test -s conftest
configure:9092: $? = 0
configure:9104: result: yes
configure:9016: checking for putenv
configure:9073: /Users/ariel/private-bin/clang -o conftest -mdynamic-no-pic -arch x86_64 -arch i386 -isystem/Users/ariel/git/darling/Developer/Platforms/MacOSX.platform/Developer/SDKs/MacOSX.sdk/usr/include -isystem/Users/ariel/arch/build/darling/Developer/Platforms/MacOSX.platform/Developer/SDKs/MacOSX.sdk/usr/include -isystem/Users/ariel/git/darling/framework-include -DDARLING  conftest.c  -lc -lm >&5
configure:9079: $? = 0
configure:9083: test -z 
			 || test ! -s conftest.err
configure:9086: $? = 0
configure:9089: test -s conftest
configure:9092: $? = 0
configure:9104: result: yes
configure:9016: checking for snprintf
configure:9073: /Users/ariel/private-bin/clang -o conftest -mdynamic-no-pic -arch x86_64 -arch i386 -isystem/Users/ariel/git/darling/Developer/Platforms/MacOSX.platform/Developer/SDKs/MacOSX.sdk/usr/include -isystem/Users/ariel/arch/build/darling/Developer/Platforms/MacOSX.platform/Developer/SDKs/MacOSX.sdk/usr/include -isystem/Users/ariel/git/darling/framework-include -DDARLING  conftest.c  -lc -lm >&5
conftest.c:70:6: warning: incompatible redeclaration of library function 'snprintf' [-Wincompatible-library-redeclaration]
char snprintf ();
     ^
conftest.c:70:6: note: 'snprintf' is a builtin with type 'int (char *, unsigned long, const char *, ...)'
1 warning generated.
configure:9079: $? = 0
configure:9083: test -z 
			 || test ! -s conftest.err
configure:9086: $? = 0
configure:9089: test -s conftest
configure:9092: $? = 0
configure:9104: result: yes
configure:9016: checking for strcasecmp
configure:9073: /Users/ariel/private-bin/clang -o conftest -mdynamic-no-pic -arch x86_64 -arch i386 -isystem/Users/ariel/git/darling/Developer/Platforms/MacOSX.platform/Developer/SDKs/MacOSX.sdk/usr/include -isystem/Users/ariel/arch/build/darling/Developer/Platforms/MacOSX.platform/Developer/SDKs/MacOSX.sdk/usr/include -isystem/Users/ariel/git/darling/framework-include -DDARLING  conftest.c  -lc -lm >&5
conftest.c:71:6: warning: incompatible redeclaration of library function 'strcasecmp' [-Wincompatible-library-redeclaration]
char strcasecmp ();
     ^
conftest.c:71:6: note: 'strcasecmp' is a builtin with type 'int (const char *, const char *)'
1 warning generated.
configure:9079: $? = 0
configure:9083: test -z 
			 || test ! -s conftest.err
configure:9086: $? = 0
configure:9089: test -s conftest
configure:9092: $? = 0
configure:9104: result: yes
configure:9016: checking for strerror
configure:9073: /Users/ariel/private-bin/clang -o conftest -mdynamic-no-pic -arch x86_64 -arch i386 -isystem/Users/ariel/git/darling/Developer/Platforms/MacOSX.platform/Developer/SDKs/MacOSX.sdk/usr/include -isystem/Users/ariel/arch/build/darling/Developer/Platforms/MacOSX.platform/Developer/SDKs/MacOSX.sdk/usr/include -isystem/Users/ariel/git/darling/framework-include -DDARLING  conftest.c  -lc -lm >&5
conftest.c:72:6: warning: incompatible redeclaration of library function 'strerror' [-Wincompatible-library-redeclaration]
char strerror ();
     ^
conftest.c:72:6: note: 'strerror' is a builtin with type 'char *(int)'
1 warning generated.
configure:9079: $? = 0
configure:9083: test -z 
			 || test ! -s conftest.err
configure:9086: $? = 0
configure:9089: test -s conftest
configure:9092: $? = 0
configure:9104: result: yes
configure:9016: checking for strncasecmp
configure:9073: /Users/ariel/private-bin/clang -o conftest -mdynamic-no-pic -arch x86_64 -arch i386 -isystem/Users/ariel/git/darling/Developer/Platforms/MacOSX.platform/Developer/SDKs/MacOSX.sdk/usr/include -isystem/Users/ariel/arch/build/darling/Developer/Platforms/MacOSX.platform/Developer/SDKs/MacOSX.sdk/usr/include -isystem/Users/ariel/git/darling/framework-include -DDARLING  conftest.c  -lc -lm >&5
conftest.c:73:6: warning: incompatible redeclaration of library function 'strncasecmp' [-Wincompatible-library-redeclaration]
char strncasecmp ();
     ^
conftest.c:73:6: note: 'strncasecmp' is a builtin with type 'int (const char *, const char *, unsigned long)'
1 warning generated.
configure:9079: $? = 0
configure:9083: test -z 
			 || test ! -s conftest.err
configure:9086: $? = 0
configure:9089: test -s conftest
configure:9092: $? = 0
configure:9104: result: yes
configure:9016: checking for strtol
configure:9073: /Users/ariel/private-bin/clang -o conftest -mdynamic-no-pic -arch x86_64 -arch i386 -isystem/Users/ariel/git/darling/Developer/Platforms/MacOSX.platform/Developer/SDKs/MacOSX.sdk/usr/include -isystem/Users/ariel/arch/build/darling/Developer/Platforms/MacOSX.platform/Developer/SDKs/MacOSX.sdk/usr/include -isystem/Users/ariel/git/darling/framework-include -DDARLING  conftest.c  -lc -lm >&5
conftest.c:74:6: warning: incompatible redeclaration of library function 'strtol' [-Wincompatible-library-redeclaration]
char strtol ();
     ^
conftest.c:74:6: note: 'strtol' is a builtin with type 'long (const char *, char **, int)'
1 warning generated.
configure:9079: $? = 0
configure:9083: test -z 
			 || test ! -s conftest.err
configure:9086: $? = 0
configure:9089: test -s conftest
configure:9092: $? = 0
configure:9104: result: yes
configure:9129: checking for vsnprintf
configure:9186: /Users/ariel/private-bin/clang -o conftest -mdynamic-no-pic -arch x86_64 -arch i386 -isystem/Users/ariel/git/darling/Developer/Platforms/MacOSX.platform/Developer/SDKs/MacOSX.sdk/usr/include -isystem/Users/ariel/arch/build/darling/Developer/Platforms/MacOSX.platform/Developer/SDKs/MacOSX.sdk/usr/include -isystem/Users/ariel/git/darling/framework-include -DDARLING  conftest.c  -lc -lm >&5
conftest.c:75:6: warning: incompatible redeclaration of library function 'vsnprintf' [-Wincompatible-library-redeclaration]
char vsnprintf ();
     ^
conftest.c:75:6: note: 'vsnprintf' is a builtin with type 'int (char *, unsigned long, const char *, struct __va_list_tag *)'
1 warning generated.
configure:9192: $? = 0
configure:9196: test -z 
			 || test ! -s conftest.err
configure:9199: $? = 0
configure:9202: test -s conftest
configure:9205: $? = 0
configure:9217: result: yes
configure:9246: checking for gettimeofday
configure:9303: /Users/ariel/private-bin/clang -o conftest -mdynamic-no-pic -arch x86_64 -arch i386 -isystem/Users/ariel/git/darling/Developer/Platforms/MacOSX.platform/Developer/SDKs/MacOSX.sdk/usr/include -isystem/Users/ariel/arch/build/darling/Developer/Platforms/MacOSX.platform/Developer/SDKs/MacOSX.sdk/usr/include -isystem/Users/ariel/git/darling/framework-include -DDARLING  conftest.c  >&5
configure:9309: $? = 0
configure:9313: test -z 
			 || test ! -s conftest.err
configure:9316: $? = 0
configure:9319: test -s conftest
configure:9322: $? = 0
configure:9334: result: yes
configure:9246: checking for isatty
configure:9303: /Users/ariel/private-bin/clang -o conftest -mdynamic-no-pic -arch x86_64 -arch i386 -isystem/Users/ariel/git/darling/Developer/Platforms/MacOSX.platform/Developer/SDKs/MacOSX.sdk/usr/include -isystem/Users/ariel/arch/build/darling/Developer/Platforms/MacOSX.platform/Developer/SDKs/MacOSX.sdk/usr/include -isystem/Users/ariel/git/darling/framework-include -DDARLING  conftest.c  >&5
configure:9309: $? = 0
configure:9313: test -z 
			 || test ! -s conftest.err
configure:9316: $? = 0
configure:9319: test -s conftest
configure:9322: $? = 0
configure:9334: result: yes
configure:9246: checking for kill
configure:9303: /Users/ariel/private-bin/clang -o conftest -mdynamic-no-pic -arch x86_64 -arch i386 -isystem/Users/ariel/git/darling/Developer/Platforms/MacOSX.platform/Developer/SDKs/MacOSX.sdk/usr/include -isystem/Users/ariel/arch/build/darling/Developer/Platforms/MacOSX.platform/Developer/SDKs/MacOSX.sdk/usr/include -isystem/Users/ariel/git/darling/framework-include -DDARLING  conftest.c  >&5
configure:9309: $? = 0
configure:9313: test -z 
			 || test ! -s conftest.err
configure:9316: $? = 0
configure:9319: test -s conftest
configure:9322: $? = 0
configure:9334: result: yes
configure:9246: checking for rename
configure:9303: /Users/ariel/private-bin/clang -o conftest -mdynamic-no-pic -arch x86_64 -arch i386 -isystem/Users/ariel/git/darling/Developer/Platforms/MacOSX.platform/Developer/SDKs/MacOSX.sdk/usr/include -isystem/Users/ariel/arch/build/darling/Developer/Platforms/MacOSX.platform/Developer/SDKs/MacOSX.sdk/usr/include -isystem/Users/ariel/git/darling/framework-include -DDARLING  conftest.c  >&5
configure:9309: $? = 0
configure:9313: test -z 
			 || test ! -s conftest.err
configure:9316: $? = 0
configure:9319: test -s conftest
configure:9322: $? = 0
configure:9334: result: yes
configure:9246: checking for setlocale
configure:9303: /Users/ariel/private-bin/clang -o conftest -mdynamic-no-pic -arch x86_64 -arch i386 -isystem/Users/ariel/git/darling/Developer/Platforms/MacOSX.platform/Developer/SDKs/MacOSX.sdk/usr/include -isystem/Users/ariel/arch/build/darling/Developer/Platforms/MacOSX.platform/Developer/SDKs/MacOSX.sdk/usr/include -isystem/Users/ariel/git/darling/framework-include -DDARLING  conftest.c  >&5
configure:9309: $? = 0
configure:9313: test -z 
			 || test ! -s conftest.err
configure:9316: $? = 0
configure:9319: test -s conftest
configure:9322: $? = 0
configure:9334: result: yes
configure:9246: checking for strsep
configure:9303: /Users/ariel/private-bin/clang -o conftest -mdynamic-no-pic -arch x86_64 -arch i386 -isystem/Users/ariel/git/darling/Developer/Platforms/MacOSX.platform/Developer/SDKs/MacOSX.sdk/usr/include -isystem/Users/ariel/arch/build/darling/Developer/Platforms/MacOSX.platform/Developer/SDKs/MacOSX.sdk/usr/include -isystem/Users/ariel/git/darling/framework-include -DDARLING  conftest.c  >&5
configure:9309: $? = 0
configure:9313: test -z 
			 || test ! -s conftest.err
configure:9316: $? = 0
configure:9319: test -s conftest
configure:9322: $? = 0
configure:9334: result: yes
configure:9344: checking for mkstemp
configure:9381: /Users/ariel/private-bin/clang++ -o conftest -g -O2 -arch x86_64 -arch i386 -isystem/Users/ariel/git/darling/Developer/Platforms/MacOSX.platform/Developer/SDKs/MacOSX.sdk/usr/include -isystem/Users/ariel/arch/build/darling/Developer/Platforms/MacOSX.platform/Developer/SDKs/MacOSX.sdk/usr/include -isystem/Users/ariel/git/darling/framework-include -DDARLING  conftest.cc  >&5
configure:9387: $? = 0
configure:9391: test -z 
			 || test ! -s conftest.err
configure:9394: $? = 0
configure:9397: test -s conftest
configure:9400: $? = 0
configure:9402: result: yes
configure:9432: checking whether sys_siglist is declared
configure:9456: /Users/ariel/private-bin/clang -c -mdynamic-no-pic -arch x86_64 -arch i386 -isystem/Users/ariel/git/darling/Developer/Platforms/MacOSX.platform/Developer/SDKs/MacOSX.sdk/usr/include -isystem/Users/ariel/arch/build/darling/Developer/Platforms/MacOSX.platform/Developer/SDKs/MacOSX.sdk/usr/include -isystem/Users/ariel/git/darling/framework-include -DDARLING conftest.c >&5
conftest.c:96:22: error: use of undeclared identifier 'sys_siglist'
  char *p = (char *) sys_siglist;
                     ^
1 error generated.
configure:9462: $? = 1
configure: failed program was:
| /* confdefs.h.  */
|              
| #define PACKAGE_NAME ""
| #define PACKAGE_TARNAME ""
| #define PACKAGE_VERSION ""
| #define PACKAGE_STRING ""
| #define PACKAGE_BUGREPORT ""
| #ifdef __cplusplus
| extern "C" void exit (int);
| #endif
| #define X_DISPLAY_MISSING 1
| #define STDC_HEADERS 1
| #define HAVE_SYS_TYPES_H 1
| #define HAVE_SYS_STAT_H 1
| #define HAVE_STDLIB_H 1
| #define HAVE_STRING_H 1
| #define HAVE_MEMORY_H 1
| #define HAVE_STRINGS_H 1
| #define HAVE_INTTYPES_H 1
| #define HAVE_STDINT_H 1
| #define HAVE_UNISTD_H 1
| #define HAVE_STDLIB_H 1
| #define HAVE_UNISTD_H 1
| #define HAVE_DIRENT_H 1
| #define HAVE_LIMITS_H 1
| #define HAVE_SYS_DIR_H 1
| #define HAVE_STRING_H 1
| #define HAVE_STRINGS_H 1
| #define HAVE_MATH_H 1
| #define HAVE_SYS_TIME_H 1
| #define RET_TYPE_SRAND_IS_VOID 1
| #define HAVE_SYS_NERR 1
| #define HAVE_SYS_ERRLIST 1
| #define HAVE_CC_LIMITS_H 1
| #define HAVE_CC_INTTYPES_H 1
| #define RETSIGTYPE void
| #define HAVE_STRUCT_EXCEPTION 1
| #define HAVE_STDLIB_H 1
| #define HAVE_UNISTD_H 1
| #define HAVE_GETPAGESIZE 1
| #define HAVE_MMAP 1
| #define HAVE_FMOD 1
| #define HAVE_GETCWD 1
| #define HAVE_PUTENV 1
| #define HAVE_SNPRINTF 1
| #define HAVE_STRCASECMP 1
| #define HAVE_STRERROR 1
| #define HAVE_STRNCASECMP 1
| #define HAVE_STRTOL 1
| #define HAVE_VSNPRINTF 1
| #define HAVE_GETTIMEOFDAY 1
| #define HAVE_ISATTY 1
| #define HAVE_KILL 1
| #define HAVE_RENAME 1
| #define HAVE_SETLOCALE 1
| #define HAVE_STRSEP 1
| #define HAVE_MKSTEMP 1
| /* end confdefs.h.  */
| #include <stdio.h>
| #if HAVE_SYS_TYPES_H
| # include <sys/types.h>
| #endif
| #if HAVE_SYS_STAT_H
| # include <sys/stat.h>
| #endif
| #if STDC_HEADERS
| # include <stdlib.h>
| # include <stddef.h>
| #else
| # if HAVE_STDLIB_H
| #  include <stdlib.h>
| # endif
| #endif
| #if HAVE_STRING_H
| # if !STDC_HEADERS && HAVE_MEMORY_H
| #  include <memory.h>
| # endif
| # include <string.h>
| #endif
| #if HAVE_STRINGS_H
| # include <strings.h>
| #endif
| #if HAVE_INTTYPES_H
| # include <inttypes.h>
| #endif
| #if HAVE_STDINT_H
| # include <stdint.h>
| #endif
| #if HAVE_UNISTD_H
| # include <unistd.h>
| #endif
| int
| main ()
| {
| #ifndef sys_siglist
|   char *p = (char *) sys_siglist;
| #endif
| 
|   ;
|   return 0;
| }
configure:9486: result: no
configure:9512: checking whether ANSI array delete syntax is supported
configure:9537: /Users/ariel/private-bin/clang++ -c -g -O2 -arch x86_64 -arch i386 -isystem/Users/ariel/git/darling/Developer/Platforms/MacOSX.platform/Developer/SDKs/MacOSX.sdk/usr/include -isystem/Users/ariel/arch/build/darling/Developer/Platforms/MacOSX.platform/Developer/SDKs/MacOSX.sdk/usr/include -isystem/Users/ariel/git/darling/framework-include -DDARLING conftest.cc >&5
configure:9543: $? = 0
configure:9547: test -z 
			 || test ! -s conftest.err
configure:9550: $? = 0
configure:9553: test -s conftest.o
configure:9556: $? = 0
configure:9558: result: yes
configure:9585: checking traditional preprocessor
configure:9613: /Users/ariel/private-bin/clang++ -c -g -O2 -arch x86_64 -arch i386 -isystem/Users/ariel/git/darling/Developer/Platforms/MacOSX.platform/Developer/SDKs/MacOSX.sdk/usr/include -isystem/Users/ariel/arch/build/darling/Developer/Platforms/MacOSX.platform/Developer/SDKs/MacOSX.sdk/usr/include -isystem/Users/ariel/git/darling/framework-include -DDARLING conftest.cc >&5
conftest.cc:71:16: error: expected ';' at end of declaration
int name2(foo, bar);
               ^
1 error generated.
configure:9619: $? = 1
configure: failed program was:
| 
|        /* confdefs.h.  */
|              
| #define PACKAGE_NAME ""
| #define PACKAGE_TARNAME ""
| #define PACKAGE_VERSION ""
| #define PACKAGE_STRING ""
| #define PACKAGE_BUGREPORT ""
| #ifdef __cplusplus
| extern "C" void exit (int);
| #endif
| #define X_DISPLAY_MISSING 1
| #define STDC_HEADERS 1
| #define HAVE_SYS_TYPES_H 1
| #define HAVE_SYS_STAT_H 1
| #define HAVE_STDLIB_H 1
| #define HAVE_STRING_H 1
| #define HAVE_MEMORY_H 1
| #define HAVE_STRINGS_H 1
| #define HAVE_INTTYPES_H 1
| #define HAVE_STDINT_H 1
| #define HAVE_UNISTD_H 1
| #define HAVE_STDLIB_H 1
| #define HAVE_UNISTD_H 1
| #define HAVE_DIRENT_H 1
| #define HAVE_LIMITS_H 1
| #define HAVE_SYS_DIR_H 1
| #define HAVE_STRING_H 1
| #define HAVE_STRINGS_H 1
| #define HAVE_MATH_H 1
| #define HAVE_SYS_TIME_H 1
| #define RET_TYPE_SRAND_IS_VOID 1
| #define HAVE_SYS_NERR 1
| #define HAVE_SYS_ERRLIST 1
| #define HAVE_CC_LIMITS_H 1
| #define HAVE_CC_INTTYPES_H 1
| #define RETSIGTYPE void
| #define HAVE_STRUCT_EXCEPTION 1
| #define HAVE_STDLIB_H 1
| #define HAVE_UNISTD_H 1
| #define HAVE_GETPAGESIZE 1
| #define HAVE_MMAP 1
| #define HAVE_FMOD 1
| #define HAVE_GETCWD 1
| #define HAVE_PUTENV 1
| #define HAVE_SNPRINTF 1
| #define HAVE_STRCASECMP 1
| #define HAVE_STRERROR 1
| #define HAVE_STRNCASECMP 1
| #define HAVE_STRTOL 1
| #define HAVE_VSNPRINTF 1
| #define HAVE_GETTIMEOFDAY 1
| #define HAVE_ISATTY 1
| #define HAVE_KILL 1
| #define HAVE_RENAME 1
| #define HAVE_SETLOCALE 1
| #define HAVE_STRSEP 1
| #define HAVE_MKSTEMP 1
| #define HAVE_DECL_SYS_SIGLIST 0
| /* end confdefs.h.  */
| 
| 
| #define name2(a, b) a/**/b
| 
| 
| int
| main ()
| {
| 
| 
| int name2(foo, bar);
| 
| 
|   ;
|   return 0;
| }
| 
configure:9645: result: no
configure:9657: checking w_coredump
configure:9699: /Users/ariel/private-bin/clang -o conftest -mdynamic-no-pic -arch x86_64 -arch i386 -isystem/Users/ariel/git/darling/Developer/Platforms/MacOSX.platform/Developer/SDKs/MacOSX.sdk/usr/include -isystem/Users/ariel/arch/build/darling/Developer/Platforms/MacOSX.platform/Developer/SDKs/MacOSX.sdk/usr/include -isystem/Users/ariel/git/darling/framework-include -DDARLING  conftest.c  >&5
conftest.c:72:7: error: expected ';' after expression
main()
      ^
      ;
conftest.c:75:3: warning: implicitly declaring library function 'exit' with type 'void (int) __attribute__((noreturn))' [-Wimplicit-function-declaration]
  exit(1);
  ^
conftest.c:75:3: note: include the header <stdlib.h> or explicitly provide a declaration for 'exit'
1 warning and 1 error generated.
configure:9702: $? = 1
configure: program exited with status 1
configure: failed program was:
| 
|        /* confdefs.h.  */
|              
| #define PACKAGE_NAME ""
| #define PACKAGE_TARNAME ""
| #define PACKAGE_VERSION ""
| #define PACKAGE_STRING ""
| #define PACKAGE_BUGREPORT ""
| #ifdef __cplusplus
| extern "C" void exit (int);
| #endif
| #define X_DISPLAY_MISSING 1
| #define STDC_HEADERS 1
| #define HAVE_SYS_TYPES_H 1
| #define HAVE_SYS_STAT_H 1
| #define HAVE_STDLIB_H 1
| #define HAVE_STRING_H 1
| #define HAVE_MEMORY_H 1
| #define HAVE_STRINGS_H 1
| #define HAVE_INTTYPES_H 1
| #define HAVE_STDINT_H 1
| #define HAVE_UNISTD_H 1
| #define HAVE_STDLIB_H 1
| #define HAVE_UNISTD_H 1
| #define HAVE_DIRENT_H 1
| #define HAVE_LIMITS_H 1
| #define HAVE_SYS_DIR_H 1
| #define HAVE_STRING_H 1
| #define HAVE_STRINGS_H 1
| #define HAVE_MATH_H 1
| #define HAVE_SYS_TIME_H 1
| #define RET_TYPE_SRAND_IS_VOID 1
| #define HAVE_SYS_NERR 1
| #define HAVE_SYS_ERRLIST 1
| #define HAVE_CC_LIMITS_H 1
| #define HAVE_CC_INTTYPES_H 1
| #define RETSIGTYPE void
| #define HAVE_STRUCT_EXCEPTION 1
| #define HAVE_STDLIB_H 1
| #define HAVE_UNISTD_H 1
| #define HAVE_GETPAGESIZE 1
| #define HAVE_MMAP 1
| #define HAVE_FMOD 1
| #define HAVE_GETCWD 1
| #define HAVE_PUTENV 1
| #define HAVE_SNPRINTF 1
| #define HAVE_STRCASECMP 1
| #define HAVE_STRERROR 1
| #define HAVE_STRNCASECMP 1
| #define HAVE_STRTOL 1
| #define HAVE_VSNPRINTF 1
| #define HAVE_GETTIMEOFDAY 1
| #define HAVE_ISATTY 1
| #define HAVE_KILL 1
| #define HAVE_RENAME 1
| #define HAVE_SETLOCALE 1
| #define HAVE_STRSEP 1
| #define HAVE_MKSTEMP 1
| #define HAVE_DECL_SYS_SIGLIST 0
| /* end confdefs.h.  */
| 
| 
| #include <sys/types.h>
| #include <sys/wait.h>
| 
| 
| int
| main ()
| {
| 
| 
| main()
| {
| #ifdef WCOREFLAG
|   exit(1);
| #else
|   int i = 0;
|   ((union wait *)&i)->w_coredump = 1;
|   exit(i != 0200);
| #endif
| }
| 
| 
|   ;
|   return 0;
| }
| 
configure:9722: result: no
configure:9729: checking default value for grops -b option
configure:9732: result: 0
configure:9735: checking default paper size
configure:9791: result: letter
configure:9794: checking for existing troff installation
configure:9801: result: no
configure:9806: checking for prefix of system macro packages
configure:9823: result: 
configure:9827: checking which system macro packages should be made available
configure:9870: result: 
configure:9873: checking separator character to use in groff search paths
configure:9905: /Users/ariel/private-bin/clang -c -mdynamic-no-pic -arch x86_64 -arch i386 -isystem/Users/ariel/git/darling/Developer/Platforms/MacOSX.platform/Developer/SDKs/MacOSX.sdk/usr/include -isystem/Users/ariel/arch/build/darling/Developer/Platforms/MacOSX.platform/Developer/SDKs/MacOSX.sdk/usr/include -isystem/Users/ariel/git/darling/framework-include -DDARLING conftest.c >&5
configure:9911: $? = 0
configure:9915: test -z 
			 || test ! -s conftest.err
configure:9918: $? = 0
configure:9921: test -s conftest.o
configure:9924: $? = 0
configure:9934: result: :
configure:10000: checking for gs
configure:10016: found /usr/local/bin/gs
configure:10026: result: gs
configure:10060: checking for pnmcut
configure:10087: result: missing
configure:10098: checking for pnmcrop
configure:10125: result: missing
configure:10136: checking for pnmtopng
configure:10163: result: missing
configure:10174: checking for psselect
configure:10190: found /Library/TeX/texbin/psselect
configure:10201: result: found
configure:10212: checking for pnmtops
configure:10239: result: missing
configure:10278: WARNING: missing programs:

  The programs
     `pnmcut', `pnmcrop', `pnmtopng' and `pnmtops'
  cannot be found in the PATH.
  Consequently, groff's HTML backend (grohtml) will not work properly;
  therefore, it will neither be possible to prepare, nor to install,
  documentation in HTML format.
     
configure:10355: checking for gawk
configure:10384: result: no
configure:10355: checking for mawk
configure:10384: result: no
configure:10355: checking for nawk
configure:10384: result: no
configure:10355: checking for awk
configure:10371: found /usr/bin/awk
configure:10381: result: awk
configure:10444: checking whether pnmtops can handle the -nosetpage option
configure:10451: result: no
configure:10560: creating ./config.status

## ---------------------- ##
## Running config.status. ##
## ---------------------- ##

This file was extended by config.status, which was
generated by GNU Autoconf 2.59b.  Invocation command line was

  CONFIG_FILES    = 
  CONFIG_HEADERS  = 
  CONFIG_LINKS    = 
  CONFIG_COMMANDS = 
  $ ./config.status 

on ARI-PAVILION.cfl.rr.com

config.status:691: creating stamp-h
config.status:691: creating Makefile
config.status:691: creating doc/Makefile
config.status:691: creating src/utils/xtotroff/Makefile
config.status:691: creating contrib/gdiffmk/tests/runtests
config.status:691: creating test-groff
config.status:794: creating src/include/config.h

## ---------------- ##
## Cache variables. ##
## ---------------- ##

ac_cv_c_compiler_gnu=yes
ac_cv_cxx_compiler_gnu=yes
ac_cv_env_CC_set=set
ac_cv_env_CC_value=/Users/ariel/private-bin/clang
ac_cv_env_CFLAGS_set=set
ac_cv_env_CFLAGS_value=-mdynamic-no-pic
ac_cv_env_CPPFLAGS_set=set
ac_cv_env_CPPFLAGS_value='-arch x86_64 -arch i386 -isystem/Users/ariel/git/darling/Developer/Platforms/MacOSX.platform/Developer/SDKs/MacOSX.sdk/usr/include -isystem/Users/ariel/arch/build/darling/Developer/Platforms/MacOSX.platform/Developer/SDKs/MacOSX.sdk/usr/include -isystem/Users/ariel/git/darling/framework-include -DDARLING'
ac_cv_env_CPP_set=
ac_cv_env_CPP_value=
ac_cv_env_CXXFLAGS_set=
ac_cv_env_CXXFLAGS_value=
ac_cv_env_CXX_set=set
ac_cv_env_CXX_value=/Users/ariel/private-bin/clang++
ac_cv_env_LDFLAGS_set=
ac_cv_env_LDFLAGS_value=
ac_cv_env_build_alias_set=
ac_cv_env_build_alias_value=
ac_cv_env_host_alias_set=
ac_cv_env_host_alias_value=
ac_cv_env_target_alias_set=
ac_cv_env_target_alias_value=
ac_cv_exeext=
ac_cv_func_fmod=yes
ac_cv_func_getcwd=yes
ac_cv_func_getpagesize=yes
ac_cv_func_gettimeofday=yes
ac_cv_func_isatty=yes
ac_cv_func_kill=yes
ac_cv_func_mmap_fixed_mapped=yes
ac_cv_func_putenv=yes
ac_cv_func_rename=yes
ac_cv_func_setlocale=yes
ac_cv_func_snprintf=yes
ac_cv_func_strcasecmp=yes
ac_cv_func_strerror=yes
ac_cv_func_strncasecmp=yes
ac_cv_func_strsep=yes
ac_cv_func_strtol=yes
ac_cv_func_vsnprintf=yes
ac_cv_have_decl_sys_siglist=no
ac_cv_header_direct_h=no
ac_cv_header_dirent_h=yes
ac_cv_header_inttypes_h=yes
ac_cv_header_limits_h=yes
ac_cv_header_math_h=yes
ac_cv_header_memory_h=yes
ac_cv_header_process_h=no
ac_cv_header_stdc=yes
ac_cv_header_stdint_h=yes
ac_cv_header_stdlib_h=yes
ac_cv_header_string_h=yes
ac_cv_header_strings_h=yes
ac_cv_header_sys_dir_h=yes
ac_cv_header_sys_stat_h=yes
ac_cv_header_sys_time_h=yes
ac_cv_header_sys_types_h=yes
ac_cv_header_unistd_h=yes
ac_cv_lib_c_main=yes
ac_cv_lib_m_sin=yes
ac_cv_objext=o
ac_cv_path_EGREP='/usr/local/bin/ggrep -E'
ac_cv_path_GREP=/usr/local/bin/ggrep
ac_cv_path_PERLPATH=/usr/bin/perl
ac_cv_path_install='/usr/bin/install -c'
ac_cv_prog_CPP='/Users/ariel/private-bin/clang -E'
ac_cv_prog_INSTALL_INFO=install-info
ac_cv_prog_LP=lp
ac_cv_prog_LPQ=lpq
ac_cv_prog_LPR=lpr
ac_cv_prog_YACC='bison -y'
ac_cv_prog_ac_ct_AWK=awk
ac_cv_prog_ac_ct_CC=/Users/ariel/private-bin/clang
ac_cv_prog_ac_ct_GHOSTSCRIPT=gs
ac_cv_prog_ac_ct_RANLIB=ranlib
ac_cv_prog_cc_g=yes
ac_cv_prog_cc_stdc=
ac_cv_prog_cxx_g=yes
ac_cv_prog_pnmcrop=missing
ac_cv_prog_pnmcut=missing
ac_cv_prog_pnmtopng=missing
ac_cv_prog_pnmtops=missing
ac_cv_prog_psselect=found
groff_cv_decl_needed_gettimeofday=no
groff_cv_decl_needed_hypot=no
groff_cv_decl_needed_pclose=no
groff_cv_decl_needed_popen=no
groff_cv_decl_needed_putenv=no
groff_cv_decl_needed_rand=no
groff_cv_decl_needed_snprintf=no
groff_cv_decl_needed_srand=no
groff_cv_decl_needed_strcasecmp=no
groff_cv_decl_needed_strncasecmp=no
groff_cv_decl_needed_vfprintf=no
groff_cv_decl_needed_vsnprintf=no
groff_cv_ebcdic=no
groff_cv_header_inttypes_h=yes
groff_cv_type_unsigned_long_long=yes

## ----------------- ##
## Output variables. ##
## ----------------- ##

ALT_AWK_PROGS='gawk mawk nawk awk'
ALT_GHOSTSCRIPT_PROGS='gs gswin32c gsos2'
AWK='awk'
BROKEN_SPOOLER_FLAGS='0'
CC='/Users/ariel/private-bin/clang'
CFLAGS='-mdynamic-no-pic'
CPP='/Users/ariel/private-bin/clang -E'
CPPFLAGS='-arch x86_64 -arch i386 -isystem/Users/ariel/git/darling/Developer/Platforms/MacOSX.platform/Developer/SDKs/MacOSX.sdk/usr/include -isystem/Users/ariel/arch/build/darling/Developer/Platforms/MacOSX.platform/Developer/SDKs/MacOSX.sdk/usr/include -isystem/Users/ariel/git/darling/framework-include -DDARLING'
CXX='/Users/ariel/private-bin/clang++'
CXXFLAGS='-g -O2'
DEFS='-DHAVE_CONFIG_H'
DVIPRINT='lpr -d'
ECHO_C='ECHO_N=''
ECHO_T=''
EGREP='/usr/local/bin/ggrep -E'
EXEEXT=''
GHOSTSCRIPT='gs'
GREP='/usr/local/bin/ggrep'
GROFF_PATH_SEPARATOR=':'
INSTALL_DATA='${INSTALL} -m 644'
INSTALL_INFO='install-info'
INSTALL_PROGRAM='${INSTALL}'
INSTALL_SCRIPT='${INSTALL}'
LDFLAGS=''
LIBC='-lc'
LIBM='-lm'
LIBOBJS=''
LIBS=''
LN_S='ln -s'
LP='lp'
LPQ='lpq'
LPR='lpr'
LTLIBOBJS=''
OBJEXT='o'
OTHERDEVDIRS='font/devlj4 font/devlbp'
PACKAGE_BUGREPORT=''
PACKAGE_NAME=''
PACKAGE_STRING=''
PACKAGE_TARNAME=''
PACKAGE_VERSION=''
PAGE='letter'
PATH_SEPARATOR=':'
PERLPATH='/usr/bin/perl'
PSPRINT='lpr'
RANLIB='ranlib'
SHELL='/bin/sh'
SH_SCRIPT_SED_CMD='1s/a/a/'
TTYDEVDIRS='font/devascii font/devlatin1'
XDEVDIRS=''
XLIBDIRS=''
XPROGDIRS=''
X_CFLAGS=''
X_EXTRA_LIBS=''
X_LIBS=''
X_PRE_LIBS=''
YACC='bison -y'
ac_ct_AWK='awk'
ac_ct_CC='/Users/ariel/private-bin/clang'
ac_ct_CXX=''
ac_ct_GHOSTSCRIPT='gs'
ac_ct_RANLIB='ranlib'
appresdir=''
bindir='${exec_prefix}/bin'
build_alias=''
datadir='${prefix}/share'
exec_prefix='${prefix}'
g=''
host_alias=''
includedir='${prefix}/include'
infodir='${prefix}/info'
libdir='${exec_prefix}/lib'
libexecdir='${exec_prefix}/libexec'
localstatedir='${prefix}/var'
make_html=''
make_install_html=''
make_install_pdfdoc='install_pdfdoc'
make_pdfdoc='pdfdoc'
mandir='${prefix}/man'
oldincludedir='/usr/include'
pnmcrop='missing'
pnmcut='missing'
pnmtopng='missing'
pnmtops='missing'
pnmtops_nosetpage='pnmtops'
prefix='/usr'
program_transform_name='s,x,x,'
psselect='found'
sbindir='${exec_prefix}/sbin'
sharedstatedir='${prefix}/com'
sys_tmac_prefix=''
sysconfdir='${prefix}/etc'
target_alias=''
tmac_wrap=''

## ----------- ##
## confdefs.h. ##
## ----------- ##

             
#define HAVE_CC_INTTYPES_H 1
#define HAVE_CC_LIMITS_H 1
#define HAVE_DECL_SYS_SIGLIST 0
#define HAVE_DIRENT_H 1
#define HAVE_FMOD 1
#define HAVE_GETCWD 1
#define HAVE_GETPAGESIZE 1
#define HAVE_GETTIMEOFDAY 1
#define HAVE_INTTYPES_H 1
#define HAVE_ISATTY 1
#define HAVE_KILL 1
#define HAVE_LIMITS_H 1
#define HAVE_MATH_H 1
#define HAVE_MEMORY_H 1
#define HAVE_MKSTEMP 1
#define HAVE_MMAP 1
#define HAVE_PUTENV 1
#define HAVE_RENAME 1
#define HAVE_SETLOCALE 1
#define HAVE_SNPRINTF 1
#define HAVE_STDINT_H 1
#define HAVE_STDLIB_H 1
#define HAVE_STDLIB_H 1
#define HAVE_STDLIB_H 1
#define HAVE_STRCASECMP 1
#define HAVE_STRERROR 1
#define HAVE_STRINGS_H 1
#define HAVE_STRINGS_H 1
#define HAVE_STRING_H 1
#define HAVE_STRING_H 1
#define HAVE_STRNCASECMP 1
#define HAVE_STRSEP 1
#define HAVE_STRTOL 1
#define HAVE_STRUCT_EXCEPTION 1
#define HAVE_SYS_DIR_H 1
#define HAVE_SYS_ERRLIST 1
#define HAVE_SYS_NERR 1
#define HAVE_SYS_STAT_H 1
#define HAVE_SYS_TIME_H 1
#define HAVE_SYS_TYPES_H 1
#define HAVE_UNISTD_H 1
#define HAVE_UNISTD_H 1
#define HAVE_UNISTD_H 1
#define HAVE_VSNPRINTF 1
#define PACKAGE_BUGREPORT ""
#define PACKAGE_NAME ""
#define PACKAGE_STRING ""
#define PACKAGE_TARNAME ""
#define PACKAGE_VERSION ""
#define RETSIGTYPE void
#define RET_TYPE_SRAND_IS_VOID 1
#define STDC_HEADERS 1
#define X_DISPLAY_MISSING 1
#endif
#ifdef __cplusplus
extern "C" void exit (int);

configure: exit 0
